
* Info: Selecting the 'perf-low-ppn' engine for node anism-VivoBook-ASUSLaptop-X515EA-X515EA

* Info: Process launched (host anism-VivoBook-ASUSLaptop-X515EA-X515EA, process 5894)
[1mTotal memory size:[0m 2706432 B, 2643 KiB, 2 MiB

n= 56384 
[1m Step    Time, s Interact/s  GFLOP/s[0m
    0  1.230e+00  2.584e+09     59.4 *
    1  1.221e+00  2.605e+09     59.9 *
    2  1.215e+00  2.618e+09     60.2 *
    3  1.218e+00  2.611e+09     60.1 
    4  1.220e+00  2.606e+09     59.9 
    5  1.227e+00  2.590e+09     59.6 
    6  1.224e+00  2.598e+09     59.8 
    7  1.211e+00  2.624e+09     60.4 
    8  1.212e+00  2.623e+09     60.3 
    9  1.212e+00  2.623e+09     60.3 
-----------------------------------------------------
[1mAverage performance:      [42m      60.0 +- 0.3 GFLOP/s[0m
-----------------------------------------------------

* Info: Process finished (host anism-VivoBook-ASUSLaptop-X515EA-X515EA, process 5894)
* Info: Dumping samples (host anism-VivoBook-ASUSLaptop-X515EA-X515EA, process 5894)
* Info: Dumping source info for callchain nodes (host anism-VivoBook-ASUSLaptop-X515EA-X515EA, process 5894)
* Info: Building/writing metadata (host anism-VivoBook-ASUSLaptop-X515EA-X515EA)
* Info: Finished collect step (host anism-VivoBook-ASUSLaptop-X515EA-X515EA, process 5894)

Your experiment path is /home/anism/Bureau/Comparaison/maqao_2022-01-07_11-46-49/tools/lprof_npsu_run_0

To display your profiling results:
#################################################################################################
#    LEVEL    |     REPORT     |                            COMMAND                             #
#################################################################################################
#  Functions  |  Cluster-wide  |  maqao lprof -df xp=/home/anism/Bureau/Comparaison/maqao_2022  #
#  Functions  |  Per-node      |  maqao lprof -df -dn xp=/home/anism/Bureau/Comparaison/maqao_  #
#  Functions  |  Per-process   |  maqao lprof -df -dp xp=/home/anism/Bureau/Comparaison/maqao_  #
#  Functions  |  Per-thread    |  maqao lprof -df -dt xp=/home/anism/Bureau/Comparaison/maqao_  #
#  Loops      |  Cluster-wide  |  maqao lprof -dl xp=/home/anism/Bureau/Comparaison/maqao_2022  #
#  Loops      |  Per-node      |  maqao lprof -dl -dn xp=/home/anism/Bureau/Comparaison/maqao_  #
#  Loops      |  Per-process   |  maqao lprof -dl -dp xp=/home/anism/Bureau/Comparaison/maqao_  #
#  Loops      |  Per-thread    |  maqao lprof -dl -dt xp=/home/anism/Bureau/Comparaison/maqao_  #
#################################################################################################

