
* Info: Selecting the 'perf-low-ppn' engine for node madjid-Inspiron-3543

* Info: Process launched (host madjid-Inspiron-3543, process 7460)0 2 4 1 3 8 10 12 14 16 22 24 21 27 25 23 26 6 11 15 17 7 9 13 19 5 20 18 

* Info: Process finished (host madjid-Inspiron-3543, process 7460)
* Info: Dumping samples (host madjid-Inspiron-3543, process 7460)
* Info: Dumping source info for callchain nodes (host madjid-Inspiron-3543, process 7460)
* Info: Building/writing metadata (host madjid-Inspiron-3543)
* Info: Finished collect step (host madjid-Inspiron-3543, process 7460)

Your experiment path is /home/madjid/Bureau/CHPS/Gl/tp-bgl-2-Madjid-Bzr/maqao_2021-11-23_11-10-09/tools/lprof_npsu_run_0

To display your profiling results:
#################################################################################################
#    LEVEL    |     REPORT     |                            COMMAND                             #
#################################################################################################
#  Functions  |  Cluster-wide  |  maqao lprof -df xp=/home/madjid/Bureau/CHPS/Gl/tp-bgl-2-Madj  #
#  Functions  |  Per-node      |  maqao lprof -df -dn xp=/home/madjid/Bureau/CHPS/Gl/tp-bgl-2-  #
#  Functions  |  Per-process   |  maqao lprof -df -dp xp=/home/madjid/Bureau/CHPS/Gl/tp-bgl-2-  #
#  Functions  |  Per-thread    |  maqao lprof -df -dt xp=/home/madjid/Bureau/CHPS/Gl/tp-bgl-2-  #
#  Loops      |  Cluster-wide  |  maqao lprof -dl xp=/home/madjid/Bureau/CHPS/Gl/tp-bgl-2-Madj  #
#  Loops      |  Per-node      |  maqao lprof -dl -dn xp=/home/madjid/Bureau/CHPS/Gl/tp-bgl-2-  #
#  Loops      |  Per-process   |  maqao lprof -dl -dp xp=/home/madjid/Bureau/CHPS/Gl/tp-bgl-2-  #
#  Loops      |  Per-thread    |  maqao lprof -dl -dt xp=/home/madjid/Bureau/CHPS/Gl/tp-bgl-2-  #
#################################################################################################

