
* Info: Process launched (host katia-VivoBook-ASUSLaptop-X415JAB-X415JA, process 4355)0 1582163.000000
1 2152584.000000
2 1144189.000000
3 1032434.000000
4 1377489.000000
5 1499715.000000
6 1649489.000000
7 2422162.000000
8 2016191.000000
9 1877872.000000
10 2597676.000000
11 2753182.000000
12 4163935.000000
13 2193651.000000
14 2793242.000000
15 3860681.000000
16 1799207.000000
17 3446919.000000
18 2682199.000000
19 3782370.000000
20 1950834.000000
21 2852622.000000
22 3932439.000000
23 2838668.000000
24 3600974.000000
25 3577543.000000
26 2652941.000000
27 3986811.000000
28 3659837.000000
29 1078776.000000
30 1016029.000000
31 4883392.000000
32 4600112.000000
33 2627593.000000
34 3550533.000000
35 2655298.000000
36 4043666.000000
37 2698019.000000
38 2573850.000000
39 3914926.000000
40 2598158.000000
41 3216604.000000
42 2693096.000000
43 3347594.000000
44 2445391.000000
45 3698422.000000
46 2628939.000000
47 3314192.000000
48 2457990.000000
49 4348788.000000
50 2366294.000000
51 1106059.000000
52 3791083.000000
53 940430.000000
54 1026028.000000
55 1830296.000000
56 1934501.000000
57 1031264.000000
58 1031481.000000
59 2295416.000000
60 1026323.000000
61 978207.000000
62 1130872.000000
63 1010887.000000
64 1701090.000000
65 2803324.000000
66 3400514.000000
67 989731.000000
68 1120921.000000
69 1056819.000000
70 1739571.000000
71 1091223.000000
72 1079675.000000
73 1040046.000000
74 1027052.000000
75 3719029.000000
76 1086557.000000
77 3712152.000000
78 941132.000000
79 1086711.000000
80 941297.000000
81 1699544.000000
82 1034117.000000
83 948620.000000
84 1074144.000000
85 1078350.000000
86 2349515.000000
87 940780.000000
88 4129646.000000
89 2047147.000000
90 1033724.000000
91 948935.000000
92 1478040.000000
93 947848.000000
94 1024732.000000
95 1070277.000000
96 940518.000000
97 1655528.000000
98 2584272.000000
99 2872313.000000
100 2620754.000000
101 1026881.000000
102 1725513.000000
103 1026638.000000
104 1027013.000000
105 1008992.000000
106 1835377.000000
107 1014783.000000
108 1025919.000000
109 1026619.000000
110 1026187.000000
111 1893193.000000
112 1355707.000000
113 1041703.000000
114 1375689.000000
115 1991307.000000
116 2806519.000000
117 983134.000000
118 1772932.000000
119 1514991.000000
120 941116.000000
121 988836.000000
122 2600822.000000
123 2182203.000000
124 1088546.000000
125 1026235.000000
126 1903420.000000
127 1079455.000000
128 1101773.000000
129 1014609.000000
130 3149604.000000
131 950636.000000
132 1071412.000000
133 2374191.000000
134 1052330.000000
135 1072429.000000
136 941118.000000
137 2924163.000000
138 941898.000000
139 1227063.000000
140 1057048.000000
141 3464170.000000
142 941450.000000
143 1644693.000000
144 2543271.000000
145 1040533.000000
146 1079747.000000
147 1079585.000000
148 1132197.000000
149 988983.000000
150 1050664.000000
151 1494884.000000
152 1052529.000000
153 1018493.000000
154 988667.000000
155 941241.000000
156 1026282.000000
157 1055654.000000
158 1336641.000000
159 988373.000000
160 988711.000000
161 1639555.000000
162 1108165.000000
163 988555.000000
164 1123105.000000
165 988579.000000
166 1694661.000000
167 940551.000000
168 1026245.000000
169 1172892.000000
170 3792236.000000
171 2485892.000000
172 3789630.000000
173 1054093.000000
174 940842.000000
175 1029070.000000
176 1047407.000000
177 1027009.000000
178 993842.000000
179 1051937.000000
180 1776088.000000
181 1085440.000000
182 1117924.000000
183 1085996.000000
184 1229875.000000
185 4118606.000000
186 3866026.000000
187 1186795.000000
188 1083611.000000
189 1263450.000000
190 2715397.000000
191 981449.000000
192 3077341.000000
193 1040131.000000
194 1040780.000000
195 2322204.000000
196 1078454.000000
197 1334304.000000
198 941053.000000
199 989033.000000
200 1561975.000000
201 990892.000000
202 987621.000000
203 987333.000000
204 1044801.000000
205 1518328.000000
206 1036074.000000
207 1078292.000000
208 1138967.000000
209 1027427.000000
210 1444311.000000
211 2700693.000000
212 4233699.000000
213 1055590.000000
214 1034197.000000
215 1092940.000000
216 3094234.000000
217 1041265.000000
218 1026662.000000
219 3740330.000000
220 3716014.000000
221 2983274.000000
222 3684431.000000
223 2927423.000000
224 3710340.000000
225 2499090.000000
226 1079674.000000
227 2707015.000000
228 1621643.000000
229 2999403.000000
230 3477855.000000
231 988747.000000
232 1585115.000000
233 1052950.000000
234 1491572.000000
235 1596418.000000
236 1026671.000000
237 1046581.000000
238 1038415.000000
239 1037779.000000
240 1022190.000000
241 1078672.000000
242 3238535.000000
243 2609671.000000
244 3487505.000000
245 2647365.000000
246 3202499.000000
247 2508923.000000
248 3585069.000000
249 1026873.000000
250 3383253.000000
251 2520031.000000
252 3431113.000000
253 2450203.000000
254 3506912.000000
255 2626427.000000
256 3308717.000000
257 2461055.000000
258 3815150.000000
259 2597207.000000
260 2457676.000000
261 3456837.000000
262 2606354.000000
263 3447239.000000
264 2473219.000000
265 3332316.000000
266 2471431.000000
267 3715265.000000
268 2695208.000000
269 3366970.000000
270 2599142.000000
271 3702398.000000
272 3781818.000000
273 2651066.000000
274 3495969.000000
275 2474971.000000
276 3547727.000000
277 2706637.000000
278 3434854.000000
279 2447523.000000
280 3613759.000000
281 2706486.000000
282 4236367.000000
283 3332068.000000
284 2609522.000000
285 3419874.000000
286 2776118.000000
287 3488306.000000
288 2557324.000000
289 3686878.000000
290 2438799.000000
291 3511783.000000
292 2502886.000000
293 3255058.000000
294 2473800.000000
295 3635666.000000
296 2485514.000000
297 2625351.000000
298 3367130.000000
299 2473750.000000
300 3611398.000000
301 2550174.000000
302 3528748.000000
303 2465961.000000
304 3659321.000000
305 2648049.000000
306 3940474.000000
307 3412585.000000
308 2698331.000000
309 3860866.000000
310 2631747.000000
311 3488205.000000
312 2673227.000000
313 3837497.000000
314 3347300.000000
315 2571444.000000
316 3451828.000000
317 2446541.000000
318 3491964.000000
319 2439173.000000
320 3787245.000000
321 2446644.000000
322 3559422.000000
323 2759872.000000
324 3294042.000000
325 2481196.000000
326 3453611.000000
327 2607768.000000
328 2561506.000000
329 3221952.000000
330 2625144.000000
331 3603686.000000
332 2540756.000000
333 3359933.000000
334 2582362.000000
335 3480089.000000
336 2925410.000000
337 3814019.000000
338 2447590.000000
339 3570661.000000
340 3642341.000000
341 2764291.000000
342 3523130.000000
343 2718388.000000
344 3823069.000000
345 2449242.000000
346 3846587.000000
347 2758932.000000
348 2634295.000000
349 3576846.000000
350 2751074.000000
351 4045105.000000
352 2634583.000000
353 3374600.000000
354 2462228.000000
355 3468575.000000
356 2456714.000000
357 2570340.000000
358 3708664.000000
359 2490883.000000
360 3446942.000000
361 2448303.000000
362 3271449.000000
363 2688748.000000
364 4211158.000000
365 3452127.000000
366 2669582.000000
367 3441678.000000
368 2613343.000000
369 3470719.000000
370 2674806.000000
371 3862073.000000
372 2655739.000000
373 3605323.000000
374 2455140.000000
375 2528440.000000
376 3367703.000000
377 2449312.000000
378 4217066.000000
379 2463630.000000
380 3298917.000000
381 2462849.000000
382 3288573.000000
383 2491344.000000
384 3508298.000000
385 2438697.000000
386 4042832.000000
387 3830211.000000
388 2541826.000000
389 3288581.000000
390 2575308.000000
391 3756857.000000
392 2449498.000000
393 2450381.000000
394 3506117.000000
395 2685761.000000
396 2460020.000000
397 3696212.000000
398 2577003.000000
399 4092006.000000
400 2577927.000000
401 3667994.000000
402 2811753.000000
403 2656386.000000
404 3465578.000000
405 2644114.000000
406 3927686.000000
407 2469723.000000
408 3631121.000000
409 2453828.000000
410 3520300.000000
411 3714393.000000
412 2447072.000000
413 3708084.000000
414 2655197.000000
415 3804181.000000
416 2868333.000000
417 3864825.000000
418 3629625.000000
419 2632142.000000
420 3517558.000000
421 2467755.000000
422 3393417.000000
423 2562774.000000
424 3340055.000000
425 2599547.000000
426 3719262.000000
427 940464.000000
428 1083545.000000
429 2932732.000000
430 1578419.000000
431 1150360.000000
432 1043473.000000
433 1440117.000000
434 2863656.000000
435 3895212.000000
436 2848995.000000
437 3674311.000000
438 2834617.000000
439 3694163.000000
440 2570440.000000
441 2603294.000000
442 3895164.000000
443 1095323.000000
444 2723931.000000
445 3893501.000000
446 3810489.000000
447 2889037.000000
448 3667057.000000
449 3065004.000000
450 3024591.000000
451 3796283.000000
452 2591517.000000
453 4316060.000000
454 989582.000000
455 1623538.000000
456 1072352.000000
457 1079002.000000
458 999575.000000
459 1080354.000000
460 3802531.000000
461 1000322.000000
462 3737079.000000
463 2735589.000000
464 1979173.000000
465 2685662.000000
466 989502.000000
467 1402134.000000
468 1079726.000000
469 940585.000000
470 1026565.000000
471 1034590.000000
472 1735785.000000
473 1078428.000000
474 1026644.000000
475 1026620.000000
476 1079021.000000
477 2205026.000000
478 1066762.000000
479 1082739.000000
480 943692.000000
481 3603434.000000
482 1067173.000000
483 3166348.000000
484 1084835.000000
485 940852.000000
486 1026894.000000
487 2937097.000000
488 1200292.000000
489 1079269.000000
490 1088036.000000
491 1567451.000000
492 2013171.000000
493 1025961.000000
494 941181.000000
495 1026412.000000
496 1119224.000000
497 1066129.000000
498 1078734.000000
499 1296482.000000
500 1778486.000000
501 1026234.000000
502 1032866.000000
503 1032860.000000
504 940877.000000
505 1901004.000000
506 941055.000000
507 1025775.000000
508 1090633.000000
509 940771.000000
510 1340256.000000
511 1146741.000000
512 940486.000000
513 1187484.000000
514 1372581.000000
515 1026590.000000
516 1052078.000000
517 941391.000000
518 1038891.000000
519 1481221.000000
520 1026233.000000
521 1026069.000000
522 1057590.000000
523 1034060.000000
524 1026360.000000
525 1026673.000000
526 1066838.000000
527 1009583.000000
528 1141674.000000
529 2161128.000000
530 1026352.000000
531 1081059.000000
532 1078492.000000
533 1026546.000000
534 1651328.000000
535 1300570.000000
536 2638081.000000
537 2700106.000000
538 2725814.000000
539 2454594.000000
540 2648739.000000
541 1026492.000000
542 1614341.000000
543 957243.000000
544 1032160.000000
545 1040877.000000
546 1026656.000000
547 2977136.000000
548 2680617.000000
549 2691546.000000
550 1946064.000000
551 3573696.000000
552 1027003.000000
553 1033672.000000
554 3732843.000000
555 1082005.000000
556 3530028.000000
557 2767265.000000
558 3617088.000000
559 1081947.000000
560 2226387.000000
561 3538466.000000
562 2397177.000000
563 2037202.000000
564 989138.000000
565 989204.000000
566 1875435.000000
567 1074408.000000
568 1079191.000000
569 1031670.000000
570 989232.000000
571 1822800.000000
572 1141792.000000
573 1078775.000000
574 1025650.000000
575 1721309.000000
576 1079453.000000
577 1307847.000000
578 3151239.000000
579 1407989.000000
580 1056918.000000
581 3693435.000000
582 2574039.000000
583 3531638.000000
584 2661236.000000
585 3650781.000000
586 2699398.000000
587 2493496.000000
588 3513364.000000
589 2650233.000000
590 3743731.000000
591 2669602.000000
592 3639472.000000
593 2625834.000000
594 3449159.000000
595 2451135.000000
596 2437908.000000
597 3260252.000000
598 2501797.000000
599 3461772.000000
600 2490147.000000
601 3401534.000000
602 2437061.000000
603 3345487.000000
604 1103832.000000
605 948216.000000
606 943514.000000
607 1083849.000000
608 1613007.000000
609 1081846.000000
610 1098632.000000
611 988822.000000
612 1027193.000000
613 1706882.000000
614 1061748.000000
615 1079085.000000
616 1011102.000000
617 986924.000000
618 2152115.000000
619 2143077.000000
620 3760565.000000
621 2891426.000000
622 3834755.000000
623 4061097.000000
624 3277977.000000
625 4194845.000000
626 948371.000000
627 1673744.000000
628 1231147.000000
629 1078939.000000
630 1439107.000000
631 1138167.000000
632 2872353.000000
633 3752657.000000
634 1079230.000000
635 1092891.000000
636 3905699.000000
637 1604163.000000
638 940732.000000
639 3915755.000000
640 2577325.000000
641 2453861.000000
642 3604424.000000
643 2643465.000000
644 3477435.000000
645 2458602.000000
646 3506360.000000
647 2642665.000000
648 3698445.000000
649 2504850.000000
650 4018098.000000
651 3346458.000000
652 2676052.000000
653 3543424.000000
654 2437826.000000
655 3321832.000000
656 2566596.000000
657 3869918.000000
658 2515148.000000
659 2448760.000000
660 3534560.000000
661 2480504.000000
662 3669530.000000
663 2469440.000000
664 3247798.000000
665 2454084.000000
666 3510763.000000
667 2556519.000000
668 2015721.000000
669 1026445.000000
670 940521.000000
671 1616057.000000
672 2287291.000000
673 1397666.000000
674 1025970.000000
675 940586.000000
676 1226779.000000
677 1026797.000000
678 1025803.000000
679 1036318.000000
680 1149358.000000
681 3049509.000000
682 2617315.000000
683 5035537.000000
684 3504352.000000
685 2622565.000000
686 3624822.000000
687 2476443.000000
688 3863631.000000
689 3622797.000000
690 2788915.000000
691 3777022.000000
692 2629212.000000
693 4296075.000000
694 5901766.000000
695 1603403.000000
696 1061794.000000
697 1480632.000000
698 3504329.000000
699 2694235.000000
700 3765541.000000
701 2627328.000000
702 2794171.000000
703 3749921.000000
704 2733165.000000
705 3610520.000000
706 2603287.000000
707 2735909.000000
708 4055064.000000
709 2498536.000000
710 3506181.000000
711 2634733.000000
712 3570014.000000
713 3635135.000000
714 2602948.000000
715 3450670.000000
716 2562770.000000
717 3528182.000000
718 2485297.000000
719 3438388.000000
720 2642738.000000
721 3563869.000000
722 2461090.000000
723 3412236.000000
724 2672886.000000
725 3628664.000000
726 2704516.000000
727 3690124.000000
728 2707298.000000
729 2565201.000000
730 3748295.000000
731 2648264.000000
732 3586376.000000
733 2730598.000000
734 3517857.000000
735 2712917.000000
736 3584825.000000
737 2624369.000000
738 2602760.000000
739 3497449.000000
740 2456443.000000
741 3325477.000000
742 2449308.000000
743 3390379.000000
744 2680368.000000
745 3556070.000000
746 2482521.000000
747 3462051.000000
748 2458633.000000
749 3375772.000000
750 2480763.000000
751 3321968.000000
752 2599150.000000
753 2595175.000000
754 1378762.000000
755 3586316.000000
756 2515995.000000
757 1454865.000000
758 2580533.000000
759 3659740.000000
760 2767330.000000
761 3736897.000000
762 1136454.000000
763 1072069.000000
764 1479508.000000
765 1065596.000000
766 1088780.000000
767 1106497.000000
768 1077632.000000
769 1532215.000000
770 1679752.000000
771 1010295.000000
772 3286616.000000
773 1078525.000000
774 1129010.000000
775 1122221.000000
776 1078013.000000
777 1113665.000000
778 1076654.000000
779 1075893.000000
780 1276500.000000
781 1586884.000000
782 1079283.000000
783 1076725.000000
784 1077262.000000
785 1079366.000000
786 1447161.000000
787 1029936.000000
788 1033197.000000
789 1026736.000000
790 1210783.000000
791 2447998.000000
792 3270738.000000
793 2562784.000000
794 3524341.000000
795 2447274.000000
796 3413588.000000
797 2438255.000000
798 3428771.000000
799 2469063.000000
800 3473821.000000
801 2438677.000000
802 3313757.000000
803 2531509.000000
804 3442862.000000
805 2624531.000000
806 3400785.000000
807 2492790.000000
808 3915265.000000
809 2448205.000000
810 3213701.000000
811 2497294.000000
812 2476122.000000
813 3530427.000000
814 1721117.000000
815 1027204.000000
816 1076692.000000
817 1441469.000000
818 1093847.000000
819 1109354.000000
820 1242298.000000
821 1539342.000000
822 1050484.000000
823 1061987.000000
824 1033964.000000
825 1025807.000000
826 1391072.000000
827 1079124.000000
828 1079278.000000
829 1087688.000000
830 1026602.000000
831 1665614.000000
832 1028016.000000
833 1079584.000000
834 992114.000000
835 2122480.000000
836 2518727.000000
837 1047346.000000
838 3727556.000000
839 2898324.000000
840 2626979.000000
841 3472060.000000
842 2466860.000000
843 1026906.000000
844 1921514.000000
845 1043113.000000
846 1026290.000000
847 1080137.000000
848 989394.000000
849 1862682.000000
850 1084553.000000
851 1075560.000000
852 1075253.000000
853 1618863.000000
854 1142929.000000
855 984919.000000
856 1081415.000000
857 1074599.000000
858 1471264.000000
859 1208595.000000
860 1033315.000000
861 1084024.000000
862 1285243.000000
863 1896873.000000
864 1074565.000000
865 1223992.000000
866 1212776.000000
867 1548876.000000
868 1203635.000000
869 1025904.000000
870 941439.000000
871 1139122.000000
872 1370718.000000
873 1026414.000000
874 1026117.000000
875 1026113.000000
876 1033883.000000
877 1855910.000000
878 1076444.000000
879 982619.000000
880 1133594.000000
881 1605920.000000
882 1077891.000000
883 1091810.000000
884 1253539.000000
885 1139155.000000
886 1960719.000000
887 1094569.000000
888 1078676.000000
889 1049389.000000
890 1536842.000000
891 1078287.000000
892 1090617.000000
893 1091008.000000
894 1079792.000000
895 1654987.000000
896 1085709.000000
897 1078778.000000
898 1082405.000000
899 1026519.000000
900 1816162.000000
901 1110507.000000
902 2823767.000000
903 3710636.000000
904 2569807.000000
905 2651157.000000
906 3496624.000000
907 2464913.000000
908 3376148.000000
909 2438239.000000
910 3938600.000000
911 2461496.000000
912 3353923.000000
913 2437458.000000
914 3209062.000000
915 2538495.000000
916 3496052.000000
917 2593107.000000
918 3547628.000000
919 2663393.000000
920 3961064.000000
921 3412774.000000
922 2460073.000000
923 3488723.000000
924 2439003.000000
925 3558039.000000
926 2447979.000000
927 3837469.000000
928 2574062.000000
929 3409925.000000
930 2476853.000000
931 3785908.000000
932 1729806.000000
933 2236626.000000
934 942404.000000
935 1068942.000000
936 1775327.000000
937 1669288.000000
938 4238185.000000
939 4560317.000000
940 2958326.000000
941 2696320.000000
942 1078552.000000
943 1050318.000000
944 1727646.000000
945 1104511.000000
946 1062870.000000
947 1036781.000000
948 3013634.000000
949 2693867.000000
950 3477525.000000
951 2652693.000000
952 3820272.000000
953 2446270.000000
954 2457169.000000
955 3630389.000000
956 2449568.000000
957 3413336.000000
958 2457798.000000
959 3828108.000000
960 2483660.000000
961 3281286.000000
962 2632200.000000
963 3815554.000000
964 3356982.000000
965 2456477.000000
966 3656944.000000
967 2453783.000000
968 3296759.000000
969 1570690.000000
970 1026900.000000
971 1077246.000000
972 2133879.000000
973 1030522.000000
974 1026722.000000
975 1030630.000000
976 1409897.000000
977 1078434.000000
978 1245012.000000
979 1078048.000000
980 1078807.000000
981 1488705.000000
982 1078064.000000
983 1054137.000000
984 1082206.000000
985 1026426.000000
986 1597409.000000
987 1035547.000000
988 1074753.000000
989 989406.000000
990 940808.000000
991 1025964.000000
992 1026674.000000
993 1029159.000000
994 1030452.000000
995 1032655.000000
996 1029618.000000
997 1026156.000000
998 1025742.000000
999 1033604.000000

* Info: Process finished (host katia-VivoBook-ASUSLaptop-X415JAB-X415JA, process 4355)
* Info: Dumping samples (host katia-VivoBook-ASUSLaptop-X415JAB-X415JA, process 4355)
* Info: Dumping source info for callchain nodes (host katia-VivoBook-ASUSLaptop-X415JAB-X415JA, process 4355)
* Info: Building/writing metadata (host katia-VivoBook-ASUSLaptop-X415JAB-X415JA)
* Info: Finished collect step (host katia-VivoBook-ASUSLaptop-X415JAB-X415JA, process 4355)

Your experiment path is /home/katia/Test-maqao/maqao_2021-12-13_23-37-47/tools/lprof_npsu_run_0

To display your profiling results:
#################################################################################################
#    LEVEL    |     REPORT     |                            COMMAND                             #
#################################################################################################
#  Functions  |  Cluster-wide  |  maqao lprof -df xp=/home/katia/Test-maqao/maqao_2021-12-13_2  #
#  Functions  |  Per-node      |  maqao lprof -df -dn xp=/home/katia/Test-maqao/maqao_2021-12-  #
#  Functions  |  Per-process   |  maqao lprof -df -dp xp=/home/katia/Test-maqao/maqao_2021-12-  #
#  Functions  |  Per-thread    |  maqao lprof -df -dt xp=/home/katia/Test-maqao/maqao_2021-12-  #
#  Loops      |  Cluster-wide  |  maqao lprof -dl xp=/home/katia/Test-maqao/maqao_2021-12-13_2  #
#  Loops      |  Per-node      |  maqao lprof -dl -dn xp=/home/katia/Test-maqao/maqao_2021-12-  #
#  Loops      |  Per-process   |  maqao lprof -dl -dp xp=/home/katia/Test-maqao/maqao_2021-12-  #
#  Loops      |  Per-thread    |  maqao lprof -dl -dt xp=/home/katia/Test-maqao/maqao_2021-12-  #
#################################################################################################

