
* Info: Selecting the 'perf-low-ppn' engine for node anism-VivoBook-ASUSLaptop-X515EA-X515EA

* Info: Process launched (host anism-VivoBook-ASUSLaptop-X515EA-X515EA, process 10199)
[1mTotal memory size:[0m 393216 B, 384 KiB, 0 MiB

[1m Step    Time, s Interact/s  GFLOP/s[0m
    0  6.818e+00  3.937e+07      0.9 *
    1  6.680e+00  4.018e+07      0.9 *
    2  6.654e+00  4.034e+07      0.9 *
    3  6.660e+00  4.030e+07      0.9 
    4  6.643e+00  4.040e+07      0.9 
    5  6.665e+00  4.027e+07      0.9 
    6  6.671e+00  4.024e+07      0.9 
    7  6.668e+00  4.026e+07      0.9 
    8  6.658e+00  4.032e+07      0.9 
    9  6.639e+00  4.043e+07      0.9 
-----------------------------------------------------
[1mAverage performance:      [42m       0.9 +- 0.0 GFLOP/s[0m
-----------------------------------------------------

* Info: Process finished (host anism-VivoBook-ASUSLaptop-X515EA-X515EA, process 10199)
* Info: Dumping samples (host anism-VivoBook-ASUSLaptop-X515EA-X515EA, process 10199)
* Info: Dumping source info for callchain nodes (host anism-VivoBook-ASUSLaptop-X515EA-X515EA, process 10199)
* Info: Building/writing metadata (host anism-VivoBook-ASUSLaptop-X515EA-X515EA)
* Info: Finished collect step (host anism-VivoBook-ASUSLaptop-X515EA-X515EA, process 10199)

Your experiment path is /home/anism/Bureau/nbody3D/0/maqao_2021-12-27_19-06-52/tools/lprof_npsu_run_0

To display your profiling results:
#################################################################################################
#    LEVEL    |     REPORT     |                            COMMAND                             #
#################################################################################################
#  Functions  |  Cluster-wide  |  maqao lprof -df xp=/home/anism/Bureau/nbody3D/0/maqao_2021-1  #
#  Functions  |  Per-node      |  maqao lprof -df -dn xp=/home/anism/Bureau/nbody3D/0/maqao_20  #
#  Functions  |  Per-process   |  maqao lprof -df -dp xp=/home/anism/Bureau/nbody3D/0/maqao_20  #
#  Functions  |  Per-thread    |  maqao lprof -df -dt xp=/home/anism/Bureau/nbody3D/0/maqao_20  #
#  Loops      |  Cluster-wide  |  maqao lprof -dl xp=/home/anism/Bureau/nbody3D/0/maqao_2021-1  #
#  Loops      |  Per-node      |  maqao lprof -dl -dn xp=/home/anism/Bureau/nbody3D/0/maqao_20  #
#  Loops      |  Per-process   |  maqao lprof -dl -dp xp=/home/anism/Bureau/nbody3D/0/maqao_20  #
#  Loops      |  Per-thread    |  maqao lprof -dl -dt xp=/home/anism/Bureau/nbody3D/0/maqao_20  #
#################################################################################################

