
* Info: Selecting the 'perf-low-ppn' engine for node anism-VivoBook-ASUSLaptop-X515EA-X515EA

* Info: Process launched (host anism-VivoBook-ASUSLaptop-X515EA-X515EA, process 27632)
[1mTotal memory size:[0m 786432 B, 768 KiB, 0 MiB

n= 16384 
[1m Step    Time, s Interact/s  GFLOP/s[0m
    0  2.586e+00  1.038e+08      2.4 *
    1  2.557e+00  1.050e+08      2.4 *
    2  2.558e+00  1.049e+08      2.4 *
    3  2.559e+00  1.049e+08      2.4 
    4  2.563e+00  1.047e+08      2.4 
    5  2.563e+00  1.047e+08      2.4 
    6  2.562e+00  1.048e+08      2.4 
    7  2.566e+00  1.046e+08      2.4 
    8  2.563e+00  1.047e+08      2.4 
    9  2.556e+00  1.050e+08      2.4 
-----------------------------------------------------
[1mAverage performance:      [42m       2.4 +- 0.0 GFLOP/s[0m
-----------------------------------------------------

* Info: Process finished (host anism-VivoBook-ASUSLaptop-X515EA-X515EA, process 27632)
* Info: Dumping samples (host anism-VivoBook-ASUSLaptop-X515EA-X515EA, process 27632)
* Info: Dumping source info for callchain nodes (host anism-VivoBook-ASUSLaptop-X515EA-X515EA, process 27632)
* Info: Building/writing metadata (host anism-VivoBook-ASUSLaptop-X515EA-X515EA)
* Info: Finished collect step (host anism-VivoBook-ASUSLaptop-X515EA-X515EA, process 27632)

Your experiment path is /home/anism/Bureau/Comparaison/maqao_2022-01-07_02-06-28/tools/lprof_npsu_run_0

To display your profiling results:
#################################################################################################
#    LEVEL    |     REPORT     |                            COMMAND                             #
#################################################################################################
#  Functions  |  Cluster-wide  |  maqao lprof -df xp=/home/anism/Bureau/Comparaison/maqao_2022  #
#  Functions  |  Per-node      |  maqao lprof -df -dn xp=/home/anism/Bureau/Comparaison/maqao_  #
#  Functions  |  Per-process   |  maqao lprof -df -dp xp=/home/anism/Bureau/Comparaison/maqao_  #
#  Functions  |  Per-thread    |  maqao lprof -df -dt xp=/home/anism/Bureau/Comparaison/maqao_  #
#  Loops      |  Cluster-wide  |  maqao lprof -dl xp=/home/anism/Bureau/Comparaison/maqao_2022  #
#  Loops      |  Per-node      |  maqao lprof -dl -dn xp=/home/anism/Bureau/Comparaison/maqao_  #
#  Loops      |  Per-process   |  maqao lprof -dl -dp xp=/home/anism/Bureau/Comparaison/maqao_  #
#  Loops      |  Per-thread    |  maqao lprof -dl -dt xp=/home/anism/Bureau/Comparaison/maqao_  #
#################################################################################################

