
* Info: Process launched (host madjid-Inspiron-3543, process 15695)0 308036
1 549699
2 302717
3 297519
4 297992
5 297743
6 352309
7 296442
8 296633
9 296433
10 296918
11 297498
12 297443
13 311278
14 299880
15 334127
16 296244
17 296517
18 296393
19 296918
20 297270
21 297731
22 296645
23 304468
24 298317
25 327912
26 324963
27 328155
28 362214
29 321637
30 322410
31 322496
32 324477
33 326453
34 322987
35 322044
36 340663
37 544644
38 327130
39 327247
40 2768152
41 373717
42 337006
43 359116
44 349418
45 331893
46 301218
47 399290
48 299470
49 321713
50 325758
51 324823
52 327072
53 324477
54 324617
55 325148
56 324371
57 327442
58 323797
59 323509
60 323780
61 345406
62 342869
63 349991
64 325227
65 326265
66 981370
67 324699
68 325715
69 326777
70 325485
71 437979
72 299613
73 301106
74 301734
75 300602
76 300286
77 301003
78 300196
79 300975
80 301397
81 300699
82 303688
83 300799
84 302004
85 300581
86 324237
87 299934
88 301300
89 299777
90 300884
91 302368
92 299971
93 301090
94 299692
95 300887
96 302152
97 301782
98 300144
99 301248
100 953507
101 324586
102 326073
103 324414
104 324335
105 324456
106 343506
107 301752
108 300059
109 301767
110 300384
111 300198
112 300132
113 300508
114 300517
115 300086
116 301188
117 300644
118 299822
119 300860
120 300037
121 300663
122 300198
123 311320
124 318339
125 364005
126 956739
127 348189
128 343212
129 345078
130 345594
131 6741819
132 345421
133 352798
134 306122
135 297989
136 298484
137 300226
138 322732
139 306974
140 297840
141 300235
142 368153
143 369469
144 343422
145 1428926
146 308231
147 296354
148 296417
149 296411
150 296287
151 299285
152 297753
153 297294
154 300180
155 369485
156 296314
157 296214
158 296323
159 296548
160 296430
161 296347
162 296223
163 296390
164 296190
165 296444
166 296566
167 296815
168 296788
169 296214
170 296290
171 296111
172 296099
173 296493
174 296845
175 296569
176 297498
177 296435
178 296169
179 869789
180 297264
181 296341
182 354367
183 296381
184 303597
185 301291
186 296190
187 296075
188 296396
189 296102
190 296496
191 296262
192 296187
193 296348
194 317197
195 310091
196 400712
197 320772
198 296569
199 296463
200 296229
201 296366
202 296232
203 296882
204 296781
205 296211
206 297434
207 296357
208 298766
209 296229
210 296533
211 371078
212 296809
213 1312035
214 450308
215 326911
216 326528
217 327766
218 324975
219 328443
220 326898
221 325512
222 326009
223 327903
224 323916
225 325078
226 323075
227 324881
228 325943
229 300809
230 300316
231 300466
232 301446
233 300687
234 300520
235 372908
236 301194
237 301846
238 303366
239 301958
240 302098
241 302966
242 302584
243 302577
244 302298
245 1052243
246 302909
247 302177
248 302568
249 303919
250 301682
251 304608
252 304777
253 305305
254 297604
255 293483
256 298153
257 298265
258 299837
259 295103
260 297334
261 472457
262 303345
263 327734
264 297568
265 298362
266 298438
267 298038
268 296858
269 297055
270 297231
271 297443
272 298144
273 297513
274 296972
275 299333
276 298244
277 297895
278 298745
279 974536
280 303012
281 296253
282 296278
283 296311
284 296754
285 296499
286 297452
287 337804
288 297070
289 296663
290 297310
291 296824
292 297346
293 296803
294 300499
295 300702
296 302820
297 299109
298 304829
299 297953
300 305421
301 323282
302 306419
303 296857
304 329791
305 297267
306 298496
307 297905
308 297100
309 301870
310 299024
311 300220
312 299710
313 1585480
314 332455
315 328817
316 327781
317 328276
318 327845
319 348559
320 331193
321 331611
322 331648
323 336135
324 330343
325 328446
326 329784
327 326780
328 329269
329 332064
330 329178
331 329530
332 328010
333 327682
334 328434
335 325958
336 336312
337 328689
338 418552
339 344714
340 333113
341 328680
342 348411
343 1206981
344 328119
345 328352
346 328188
347 327002
348 326671
349 346747
350 348461
351 354155
352 339923
353 340575
354 350158
355 361995
356 342951
357 341777
358 345761
359 359537
360 361422
361 392179
362 347190
363 352768
364 351846
365 358342
366 357604
367 347272
368 335298
369 351420
370 352331
371 345476
372 1329912
373 298326
374 296954
375 296909
376 296518
377 297109
378 296909
379 297103
380 297170
381 296475
382 297913
383 297476
384 297592
385 348611
386 296642
387 296505
388 296259
389 296445
390 296842
391 296642
392 296375
393 296921
394 296296
395 296238
396 296673
397 296420
398 297040
399 296226
400 297067
401 296263
402 296256
403 296402
404 296287
405 299822
406 1239256
407 296345
408 296038
409 296035
410 296487
411 321382
412 296818
413 296174
414 296132
415 296694
416 296490
417 296099
418 296311
419 296517
420 307672
421 296927
422 330103
423 329369
424 329318
425 308838
426 303821
427 331174
428 303394
429 318178
430 318011
431 297525
432 297382
433 312042
434 335775
435 329791
436 325339
437 324410
438 1300449
439 324705
440 324568
441 324702
442 323534
443 328522
444 302981
445 299570
446 297033
447 300814
448 303378
449 297652
450 299613
451 300135
452 299546
453 328583
454 327266
455 340984
456 306179
457 318870
458 296970
459 297604
460 297938
461 297012
462 297786
463 297561
464 348040
465 321242
466 313741
467 318196
468 296280
469 305281
470 306180
471 297125
472 2966300
473 320995
474 300098
475 299943
476 297140
477 297670
478 299658
479 303275
480 296314
481 298863
482 299300
483 297610
484 427659
485 300414
486 297091
487 297852
488 299901
489 297898
490 298463
491 300502
492 300231
493 303918
494 296839
495 299242
496 300702
497 298435
498 321097
499 1797163
500 312816
501 299479
502 298666
503 302316
504 300896
505 299907
506 303925
507 303730
508 356251
509 321018
510 298369
511 299661
512 298745
513 300457
514 299983
515 298920
516 298405
517 299713
518 299403
519 313571
520 325248
521 312919
522 314737
523 329287
524 318050
525 299813
526 298936
527 299094
528 302137
529 301973
530 337790
531 1352063
532 390308
533 371408
534 371498
535 371928
536 372454
537 372114
538 375404
539 373666
540 374920
541 398320
542 406978
543 373456
544 371414
545 371302
546 371664
547 371126
548 371444
549 379301
550 309009
551 319337
552 297194
553 297592
554 297868
555 298180
556 299103
557 365297
558 307166
559 1087750
560 305573
561 298102
562 297055
563 297458
564 298633
565 297659
566 300116
567 296669
568 296639
569 296433
570 297777
571 296660
572 296530
573 296708
574 296906
575 296435
576 299018
577 297207
578 297537
579 296857
580 296460
581 296442
582 297901
583 353208
584 298256
585 296250
586 296050
587 296265
588 296893
589 296172
590 296099
591 296526
592 296224
593 296490
594 881921
595 296338
596 296126
597 296239
598 296299
599 296014
600 296096
601 296026
602 296183
603 296120
604 296329
605 296071
606 296448
607 296084
608 296636
609 296305
610 296299
611 324641
612 296129
613 296214
614 296056
615 297240
616 296129
617 296354
618 296329
619 296239
620 296403
621 296453
622 296020
623 296226
624 296041
625 296211
626 296706
627 296032
628 297291
629 1373622
630 330276
631 326316
632 328495
633 329694
634 326714
635 327700
636 362718
637 324902
638 327685
639 326001
640 325624
641 327420
642 326383
643 324735
644 324000
645 325448
646 339532
647 302838
648 301142
649 302192
650 300486
651 300920
652 307138
653 302629
654 301855
655 300362
656 302987
657 304968
658 304083
659 300686
660 304098
661 960583
662 404469
663 305038
664 302887
665 303203
666 299130
667 299676
668 300939
669 299747
670 299039
671 299670
672 301573
673 301998
674 301761
675 301017
676 302055
677 303737
678 301567
679 300827
680 303166
681 303439
682 301300
683 302959
684 301042
685 301876
686 301691
687 302465
688 299616
689 299488
690 366174
691 300532
692 299761
693 300793
694 301980
695 886193
696 323197
697 301512
698 301898
699 301124
700 301315
701 300723
702 301109
703 303609
704 299834
705 299570
706 300554
707 300405
708 303797
709 300414
710 299398
711 300660
712 301822
713 300890
714 297333
715 296939
716 302465
717 429516
718 286525
719 286224
720 286239
721 285994
722 285663
723 285894
724 285733
725 285818
726 286052
727 285839
728 285472
729 285814
730 881927
731 310671
732 285727
733 297112
734 301515
735 300747
736 303239
737 302462
738 299498
739 301370
740 300869
741 304347
742 302559
743 301579
744 387913
745 327845
746 332027
747 344903
748 335620
749 326935
750 325527
751 327336
752 327791
753 328495
754 328289
755 325345
756 328826
757 327652
758 326425
759 323063
760 323900
761 326055
762 323777
763 980399
764 300040
765 302853
766 303761
767 298174
768 303955
769 376728
770 300511
771 300401
772 300129
773 302571
774 301206
775 300629
776 302004
777 303891
778 299834
779 302859
780 304234
781 301275
782 300550
783 302004
784 302050
785 301919
786 301855
787 298866
788 302204
789 302207
790 301758
791 300441
792 301512
793 301491
794 301849
795 300453
796 302644
797 925724
798 323749
799 301097
800 302067
801 303694
802 303248
803 301260
804 300116
805 302502
806 300386
807 303418
808 300556
809 303154
810 306250
811 300156
812 302240
813 298827
814 302255
815 300429
816 300484
817 303324
818 302441
819 301003
820 301731
821 301269
822 302474
823 301254
824 362981
825 328571
826 301361
827 301888
828 306847
829 300041
830 301142
831 858868
832 335070
833 301366
834 300140
835 304374
836 300350
837 301652
838 299664
839 303697
840 303885
841 303597
842 302796
843 298275
844 294366
845 295802
846 296818
847 297558
848 299913
849 308188
850 299036
851 408772
852 296612
853 326119
854 323294
855 323045
856 323713
857 322623
858 322420
859 320244
860 320560
861 321127
862 327482
863 322641
864 319045
865 1222784
866 348559
867 352246
868 352140
869 350343
870 349718
871 363116
872 323409
873 323594
874 323734
875 405437
876 324025
877 323840
878 323260
879 323504
880 322975
881 332910
882 321264
883 312579
884 303506
885 311684
886 325661
887 321795
888 321046
889 319419
890 321230
891 321060
892 339583
893 296068
894 297221
895 304043
896 1028684
897 306164
898 312612
899 316482
900 419508
901 322107
902 295437
903 305056
904 299328
905 316056
906 317835
907 311223
908 299200
909 298608
910 302198
911 303761
912 306219
913 326240
914 336333
915 308819
916 307821
917 348662
918 299804
919 297043
920 316384
921 318181
922 316724
923 320168
924 321846
925 326477
926 325791
927 371858
928 299394
929 1083565
930 311141
931 298417
932 299616
933 300496
934 300899
935 300926
936 301327
937 302505
938 302590
939 299749
940 300329
941 300687
942 298836
943 310163
944 326853
945 304325
946 298994
947 299115
948 308464
949 325979
950 327205
951 319761
952 321009
953 383507
954 296475
955 296948
956 296435
957 296096
958 297206
959 299352
960 314427
961 299012
962 299958
963 298050
964 300532
965 305870
966 300495
967 299998
968 299294
969 300760
970 335845
971 312837
972 296906
973 297322
974 297015
975 297173
976 296994
977 297364
978 296888
979 297204
980 297243
981 296509
982 1203391
983 296333
984 296912
985 296266
986 296032
987 296321
988 296745
989 296345
990 296050
991 296205
992 296299
993 296903
994 296087
995 296193
996 296302
997 296180
998 296126
999 296205

* Info: Process finished (host madjid-Inspiron-3543, process 15695)
* Info: Dumping samples (host madjid-Inspiron-3543, process 15695)
* Info: Dumping source info for callchain nodes (host madjid-Inspiron-3543, process 15695)
* Info: Building/writing metadata (host madjid-Inspiron-3543)
* Info: Finished collect step (host madjid-Inspiron-3543, process 15695)

Your experiment path is /home/madjid/Bureau/CHPS/Archi_Paralelle/TP2-1/todo/maqao_2021-12-28_22-18-25/tools/lprof_npsu_run_0

To display your profiling results:
#################################################################################################
#    LEVEL    |     REPORT     |                            COMMAND                             #
#################################################################################################
#  Functions  |  Cluster-wide  |  maqao lprof -df xp=/home/madjid/Bureau/CHPS/Archi_Paralelle/  #
#  Functions  |  Per-node      |  maqao lprof -df -dn xp=/home/madjid/Bureau/CHPS/Archi_Parale  #
#  Functions  |  Per-process   |  maqao lprof -df -dp xp=/home/madjid/Bureau/CHPS/Archi_Parale  #
#  Functions  |  Per-thread    |  maqao lprof -df -dt xp=/home/madjid/Bureau/CHPS/Archi_Parale  #
#  Loops      |  Cluster-wide  |  maqao lprof -dl xp=/home/madjid/Bureau/CHPS/Archi_Paralelle/  #
#  Loops      |  Per-node      |  maqao lprof -dl -dn xp=/home/madjid/Bureau/CHPS/Archi_Parale  #
#  Loops      |  Per-process   |  maqao lprof -dl -dp xp=/home/madjid/Bureau/CHPS/Archi_Parale  #
#  Loops      |  Per-thread    |  maqao lprof -dl -dt xp=/home/madjid/Bureau/CHPS/Archi_Parale  #
#################################################################################################

