
* Info: Selecting the 'perf-low-ppn' engine for node anism-VivoBook-ASUSLaptop-X515EA-X515EA

* Info: Process launched (host anism-VivoBook-ASUSLaptop-X515EA-X515EA, process 8754)0 12722478.000000
1 13269507.000000
2 12858666.000000
3 9604470.000000
4 8480003.000000
5 9230259.000000
6 10412285.000000
7 14677370.000000
8 13585838.000000
9 14249732.000000
10 11830874.000000
11 8641005.000000
12 8475449.000000
13 8930325.000000
14 8468090.000000
15 8951237.000000
16 8496769.000000
17 9424266.000000
18 9792645.000000
19 8698582.000000
20 8497645.000000
21 8659676.000000
22 10552012.000000
23 9099911.000000
24 8627651.000000
25 9043859.000000
26 9407203.000000
27 9046514.000000
28 8491990.000000
29 8654582.000000
30 8594604.000000
31 8971357.000000
32 8714398.000000
33 8495975.000000
34 8989832.000000
35 8487744.000000
36 8778883.000000
37 9431856.000000
38 9219609.000000
39 8501949.000000
40 9849009.000000
41 8644622.000000
42 8573384.000000
43 8502255.000000
44 8510808.000000
45 9849145.000000
46 11371707.000000
47 10327480.000000
48 9262132.000000
49 10527898.000000
50 9918781.000000
51 9233689.000000
52 8592088.000000
53 8702427.000000
54 9182244.000000
55 10583926.000000
56 9821875.000000
57 9223055.000000
58 9534518.000000
59 9220334.000000
60 8923088.000000
61 9183740.000000
62 10767299.000000
63 9990099.000000
64 10842263.000000
65 9821190.000000
66 9780362.000000
67 8984131.000000
68 10522611.000000
69 8819011.000000
70 9412176.000000
71 9135874.000000
72 9119973.000000
73 8629801.000000
74 8660535.000000
75 8494967.000000
76 8846509.000000
77 8754581.000000
78 9508490.000000
79 9793515.000000
80 11391022.000000
81 8549045.000000
82 9912499.000000
83 11014948.000000
84 8713835.000000
85 8492910.000000
86 9737512.000000
87 8754281.000000
88 9367468.000000
89 8583326.000000
90 8733121.000000
91 8451879.000000
92 8433861.000000
93 9094554.000000
94 9784047.000000
95 9736792.000000
96 8967261.000000
97 9108229.000000
98 8433885.000000
99 11057991.000000
100 9480732.000000
101 8494101.000000
102 8962837.000000
103 8560019.000000
104 8502487.000000
105 8710112.000000
106 8500537.000000
107 8513017.000000
108 8453822.000000
109 8725122.000000
110 9201179.000000
111 9454961.000000
112 8618874.000000
113 8531695.000000
114 9117284.000000
115 10120077.000000
116 10172350.000000
117 11250302.000000
118 10972282.000000
119 10183044.000000
120 9144035.000000
121 9256064.000000
122 10140047.000000
123 9280620.000000
124 8777851.000000
125 9161822.000000
126 8734076.000000
127 9453325.000000
128 9738150.000000
129 10413233.000000
130 9445208.000000
131 9858590.000000
132 8494148.000000
133 9212466.000000
134 8491661.000000
135 8488368.000000
136 9221562.000000
137 9097109.000000
138 9454054.000000
139 9681676.000000
140 8509139.000000
141 8703330.000000
142 8550265.000000
143 8691476.000000
144 8921430.000000
145 9580763.000000
146 9513016.000000
147 8827326.000000
148 8986604.000000
149 8708232.000000
150 8667184.000000
151 8864712.000000
152 8491581.000000
153 8523158.000000
154 8769189.000000
155 9791413.000000
156 8802455.000000
157 8513011.000000
158 8818555.000000
159 8430465.000000
160 9526661.000000
161 11644237.000000
162 10623572.000000
163 11013060.000000
164 9779328.000000
165 8810315.000000
166 8497333.000000
167 9664602.000000
168 8496418.000000
169 9381610.000000
170 8769927.000000
171 8488079.000000
172 8605871.000000
173 9166035.000000
174 8470685.000000
175 8516813.000000
176 8488691.000000
177 9772266.000000
178 9294201.000000
179 9152630.000000
180 8583157.000000
181 9435014.000000
182 9596528.000000
183 9381033.000000
184 8669167.000000
185 9103939.000000
186 9584328.000000
187 8475348.000000
188 9962987.000000
189 9657248.000000
190 9347832.000000
191 8443516.000000
192 9053159.000000
193 9608075.000000
194 9950119.000000
195 9727554.000000
196 9994118.000000
197 8596679.000000
198 8951128.000000
199 8655586.000000
200 8487189.000000
201 8451007.000000
202 8514019.000000
203 9267440.000000
204 8422399.000000
205 8500064.000000
206 9396235.000000
207 9038897.000000
208 10138352.000000
209 10275255.000000
210 11618425.000000
211 8919589.000000
212 8544369.000000
213 8704464.000000
214 8615319.000000
215 10426476.000000
216 9212749.000000
217 10209168.000000
218 8529625.000000
219 8587632.000000
220 9175520.000000
221 8627966.000000
222 8658031.000000
223 9889862.000000
224 9534582.000000
225 10494965.000000
226 9393083.000000
227 9138875.000000
228 9424191.000000
229 8662683.000000
230 9100659.000000
231 8825079.000000
232 10659905.000000
233 8793951.000000
234 8636906.000000
235 10147973.000000
236 10542292.000000
237 9505517.000000
238 9576954.000000
239 9983482.000000
240 8598852.000000
241 9232447.000000
242 10007808.000000
243 9738150.000000
244 9157584.000000
245 8816482.000000
246 8731471.000000
247 9831375.000000
248 8570361.000000
249 9959044.000000
250 10545267.000000
251 10192229.000000
252 9034712.000000
253 9244927.000000
254 9524594.000000
255 9092343.000000
256 9940174.000000
257 10626740.000000
258 10942586.000000
259 10106175.000000
260 9245643.000000
261 8854727.000000
262 9063087.000000
263 9006555.000000
264 8526983.000000
265 9888582.000000
266 8752731.000000
267 8607208.000000
268 8548936.000000
269 8910998.000000
270 8464068.000000
271 9834725.000000
272 8682561.000000
273 8441154.000000
274 8715869.000000
275 10115998.000000
276 10411725.000000
277 10644818.000000
278 9072520.000000
279 9003023.000000
280 9454351.000000
281 10263954.000000
282 9626776.000000
283 9192635.000000
284 8663775.000000
285 9213065.000000
286 8450767.000000
287 8522508.000000
288 8492270.000000
289 8989968.000000
290 10133375.000000
291 11756348.000000
292 9599446.000000
293 10393303.000000
294 8641986.000000
295 8424203.000000
296 8467553.000000
297 8778983.000000
298 8420753.000000
299 8676441.000000
300 9423509.000000
301 9541945.000000
302 8466927.000000
303 8637197.000000
304 8523284.000000
305 8475739.000000
306 8706014.000000
307 9130381.000000
308 8587359.000000
309 8463700.000000
310 10616028.000000
311 9085957.000000
312 8706285.000000
313 8464647.000000
314 9373496.000000
315 9229861.000000
316 9311298.000000
317 9554529.000000
318 9018070.000000
319 8480812.000000
320 8488393.000000
321 9564443.000000
322 8469737.000000
323 8938826.000000
324 10649841.000000
325 10934948.000000
326 9955611.000000
327 9492873.000000
328 8954987.000000
329 9463988.000000
330 9037139.000000
331 8532830.000000
332 10810246.000000
333 9366198.000000
334 9122890.000000
335 8520029.000000
336 10353015.000000
337 8935523.000000
338 9057244.000000
339 9878558.000000
340 9406648.000000
341 10332593.000000
342 9900814.000000
343 8490179.000000
344 9012348.000000
345 8617028.000000
346 8925752.000000
347 9511192.000000
348 9033475.000000
349 9387049.000000
350 8538855.000000
351 8493530.000000
352 9539281.000000
353 8655515.000000
354 8916810.000000
355 8560115.000000
356 8556778.000000
357 8647028.000000
358 8471337.000000
359 9174651.000000
360 8472305.000000
361 9038259.000000
362 8718572.000000
363 8567492.000000
364 10114621.000000
365 8463400.000000
366 8435259.000000
367 8503912.000000
368 8885304.000000
369 8532086.000000
370 8673157.000000
371 9255064.000000
372 8465710.000000
373 8543237.000000
374 9126772.000000
375 9702114.000000
376 8632695.000000
377 8472626.000000
378 8784909.000000
379 9036044.000000
380 8802224.000000
381 8493410.000000
382 9007435.000000
383 8503047.000000
384 8521838.000000
385 8659210.000000
386 8512261.000000
387 9491208.000000
388 9252501.000000
389 8487515.000000
390 9064202.000000
391 8893257.000000
392 8531951.000000
393 8463353.000000
394 9202392.000000
395 8545858.000000
396 9100427.000000
397 8898293.000000
398 9576947.000000
399 9092153.000000
400 8446888.000000
401 8479760.000000
402 9587871.000000
403 9111157.000000
404 8472846.000000
405 9808686.000000
406 9517931.000000
407 9892297.000000
408 10356037.000000
409 9557844.000000
410 10179922.000000
411 8462782.000000
412 9383654.000000
413 8510017.000000
414 9587576.000000
415 8850171.000000
416 10028726.000000
417 10102164.000000
418 10162160.000000
419 9255720.000000
420 8948043.000000
421 9051161.000000
422 9242303.000000
423 9642121.000000
424 9471843.000000
425 9016036.000000
426 8721425.000000
427 8654497.000000
428 9995182.000000
429 10387810.000000
430 10932953.000000
431 9774747.000000
432 9235211.000000
433 8460968.000000
434 9424603.000000
435 8510296.000000
436 9804335.000000
437 8954499.000000
438 9446322.000000
439 9044268.000000
440 9300479.000000
441 10450316.000000
442 9538931.000000
443 8829582.000000
444 8853478.000000
445 8735246.000000
446 10261238.000000
447 8461666.000000
448 9653935.000000
449 10512947.000000
450 9477029.000000
451 8635538.000000
452 8981953.000000
453 10119802.000000
454 11241964.000000
455 11607832.000000
456 10634742.000000
457 10256516.000000
458 9074006.000000
459 8637082.000000
460 9615241.000000
461 9676080.000000
462 9105480.000000
463 9286137.000000
464 9062268.000000
465 9138550.000000
466 8462317.000000
467 9001889.000000
468 9915210.000000
469 9265254.000000
470 9562071.000000
471 9514467.000000
472 10295287.000000
473 9135815.000000
474 9120467.000000
475 8445953.000000
476 10602067.000000
477 9175391.000000
478 9001531.000000
479 9005247.000000
480 8657576.000000
481 8833291.000000
482 10118414.000000
483 8519996.000000
484 8494018.000000
485 8454533.000000
486 9104581.000000
487 10062435.000000
488 10744971.000000
489 9246555.000000
490 8590912.000000
491 8968900.000000
492 9503096.000000
493 11423550.000000
494 9982606.000000
495 8441897.000000
496 8817659.000000
497 8948543.000000
498 8587941.000000
499 8511111.000000
500 8983082.000000
501 9428127.000000
502 8462347.000000
503 8623960.000000
504 10339521.000000
505 8669962.000000
506 9542179.000000
507 8595662.000000
508 9151490.000000
509 8897248.000000
510 10612576.000000
511 9723473.000000
512 9132805.000000
513 8483782.000000
514 8768348.000000
515 8640523.000000
516 8738573.000000
517 8471061.000000
518 8657273.000000
519 8559320.000000
520 8741738.000000
521 9234032.000000
522 8509323.000000
523 8426069.000000
524 8618010.000000
525 8449617.000000
526 8939115.000000
527 8628272.000000
528 9034691.000000
529 9047200.000000
530 9004222.000000
531 9707312.000000
532 10350355.000000
533 9893760.000000
534 10182936.000000
535 10056820.000000
536 10125151.000000
537 9566135.000000
538 9059489.000000
539 9183713.000000
540 8556355.000000
541 8494436.000000
542 8617823.000000
543 8706661.000000
544 8474368.000000
545 8827623.000000
546 8699200.000000
547 9026388.000000
548 9091961.000000
549 8691388.000000
550 9830644.000000
551 8939619.000000
552 8615784.000000
553 8833407.000000
554 8869378.000000
555 8456736.000000
556 8485165.000000
557 9710109.000000
558 8468011.000000
559 8466412.000000
560 8606704.000000
561 8439077.000000
562 9163222.000000
563 8900756.000000
564 8461628.000000
565 9151290.000000
566 10183485.000000
567 9109538.000000
568 8567866.000000
569 9286949.000000
570 9587944.000000
571 8683259.000000
572 8533783.000000
573 8501436.000000
574 8423218.000000
575 8985351.000000
576 8472701.000000
577 8730624.000000
578 8444115.000000
579 8464499.000000
580 9079507.000000
581 8470247.000000
582 9365544.000000
583 8761908.000000
584 8442411.000000
585 8496513.000000
586 9508635.000000
587 11411196.000000
588 10151432.000000
589 11094833.000000
590 10019408.000000
591 8626879.000000
592 9150223.000000
593 9868480.000000
594 9386421.000000
595 8701062.000000
596 9410692.000000
597 10872840.000000
598 9896199.000000
599 10196133.000000
600 8858623.000000
601 8463233.000000
602 8736179.000000
603 8633075.000000
604 8574241.000000
605 8490108.000000
606 8542080.000000
607 8445717.000000
608 8632614.000000
609 8572691.000000
610 10558164.000000
611 10684834.000000
612 9430533.000000
613 9436165.000000
614 8468793.000000
615 10034463.000000
616 9698871.000000
617 8493422.000000
618 8705428.000000
619 8717636.000000
620 9765862.000000
621 8704180.000000
622 9922232.000000
623 8504981.000000
624 8459114.000000
625 9066101.000000
626 9803946.000000
627 9205820.000000
628 8481523.000000
629 8455645.000000
630 8437169.000000
631 8461028.000000
632 8435688.000000
633 9695292.000000
634 8648443.000000
635 8880431.000000
636 9095708.000000
637 8621934.000000
638 9417503.000000
639 9671545.000000
640 9729755.000000
641 9623244.000000
642 10161445.000000
643 9103124.000000
644 8757240.000000
645 8495011.000000
646 9457305.000000
647 9317650.000000
648 9119583.000000
649 9618259.000000
650 11217693.000000
651 10175106.000000
652 9297039.000000
653 8992127.000000
654 10537756.000000
655 10576735.000000
656 9877599.000000
657 9804052.000000
658 8724663.000000
659 8646217.000000
660 8884315.000000
661 8845838.000000
662 9822349.000000
663 9278514.000000
664 8913149.000000
665 9397458.000000
666 10783193.000000
667 9885919.000000
668 8802701.000000
669 8763469.000000
670 8628535.000000
671 9508070.000000
672 9394952.000000
673 11229826.000000
674 9349985.000000
675 8832252.000000
676 9160670.000000
677 8630468.000000
678 9391076.000000
679 10269707.000000
680 9576548.000000
681 9155630.000000
682 9238058.000000
683 8587634.000000
684 8610271.000000
685 9023882.000000
686 9862091.000000
687 8478148.000000
688 8494288.000000
689 8899713.000000
690 8952445.000000
691 8445682.000000
692 8942413.000000
693 9875974.000000
694 8711807.000000
695 10618894.000000
696 10270628.000000
697 8442323.000000
698 9470620.000000
699 8644149.000000
700 8660935.000000
701 8506615.000000
702 9129019.000000
703 8858682.000000
704 9166147.000000
705 9312364.000000
706 9100799.000000
707 8423104.000000
708 8667960.000000
709 8906018.000000
710 8689537.000000
711 8514478.000000
712 8468454.000000
713 8742695.000000
714 9175093.000000
715 10082766.000000
716 10102172.000000
717 8935536.000000
718 8783956.000000
719 8479846.000000
720 9251948.000000
721 8495489.000000
722 9184211.000000
723 9603165.000000
724 9338976.000000
725 10887097.000000
726 10501909.000000
727 9007962.000000
728 8471681.000000
729 9643005.000000
730 8501856.000000
731 9239925.000000
732 8443364.000000
733 9520662.000000
734 8603441.000000
735 9157597.000000
736 9448177.000000
737 9139408.000000
738 8689891.000000
739 8986820.000000
740 10085532.000000
741 10134816.000000
742 11557002.000000
743 9272133.000000
744 9090856.000000
745 8577259.000000
746 10585638.000000
747 10831194.000000
748 10541918.000000
749 9158334.000000
750 8548433.000000
751 8489656.000000
752 10416038.000000
753 9328758.000000
754 8469223.000000
755 9431785.000000
756 8617971.000000
757 8606203.000000
758 8826778.000000
759 9240594.000000
760 10685315.000000
761 8480909.000000
762 8487105.000000
763 8985370.000000
764 9658128.000000
765 9143711.000000
766 8852425.000000
767 8673255.000000
768 8602745.000000
769 8478139.000000
770 8655253.000000
771 8700342.000000
772 9000670.000000
773 8711085.000000
774 8441118.000000
775 9684423.000000
776 8454732.000000
777 8437844.000000
778 8492293.000000
779 8510932.000000
780 8443758.000000
781 9276825.000000
782 8465503.000000
783 8465501.000000
784 9032613.000000
785 8488501.000000
786 8893342.000000
787 8484387.000000
788 8783234.000000
789 10538237.000000
790 9315320.000000
791 8984635.000000
792 8669656.000000
793 9775326.000000
794 9896530.000000
795 8789868.000000
796 8623804.000000
797 9023013.000000
798 8455584.000000
799 8678539.000000
800 8490493.000000
801 8455204.000000
802 8798637.000000
803 9878469.000000
804 9155165.000000
805 8771380.000000
806 9009160.000000
807 8727917.000000
808 10587258.000000
809 9756601.000000
810 8492831.000000
811 8855788.000000
812 8577767.000000
813 8713356.000000
814 9124475.000000
815 9549673.000000
816 8641882.000000
817 9455030.000000
818 8549255.000000
819 8439076.000000
820 9915235.000000
821 9543451.000000
822 11012733.000000
823 9482244.000000
824 10332108.000000
825 8471059.000000
826 8452860.000000
827 8721848.000000
828 9364182.000000
829 9442970.000000
830 8501659.000000
831 8466476.000000
832 9616852.000000
833 9697403.000000
834 11230413.000000
835 9524901.000000
836 9906912.000000
837 9381052.000000
838 9301600.000000
839 10385814.000000
840 8960161.000000
841 8692283.000000
842 9039597.000000
843 9430760.000000
844 9027926.000000
845 10295115.000000
846 8863076.000000
847 9221454.000000
848 9013546.000000
849 8822537.000000
850 9342261.000000
851 9623240.000000
852 8641295.000000
853 10007359.000000
854 8970385.000000
855 8676633.000000
856 9410279.000000
857 10314108.000000
858 9517422.000000
859 10382270.000000
860 8727106.000000
861 8527997.000000
862 9199788.000000
863 9807344.000000
864 9615537.000000
865 8797251.000000
866 8453076.000000
867 9652254.000000
868 9335108.000000
869 9151665.000000
870 8585227.000000
871 8517436.000000
872 9388900.000000
873 9153274.000000
874 8450520.000000
875 8439869.000000
876 8487397.000000
877 8741069.000000
878 8491510.000000
879 8682276.000000
880 10535780.000000
881 8474404.000000
882 8544692.000000
883 8821077.000000
884 8557330.000000
885 8497249.000000
886 8490313.000000
887 9115027.000000
888 8459925.000000
889 8742067.000000
890 8679808.000000
891 9341821.000000
892 8541904.000000
893 8455915.000000
894 8577969.000000
895 11147647.000000
896 9946515.000000
897 10527991.000000
898 10655281.000000
899 11158961.000000
900 10309141.000000
901 9509588.000000
902 8489545.000000
903 8501391.000000
904 8475014.000000
905 8849484.000000
906 8680352.000000
907 8937231.000000
908 10254919.000000
909 9452658.000000
910 9796016.000000
911 10204470.000000
912 9941022.000000
913 9832176.000000
914 10115859.000000
915 9584645.000000
916 9282083.000000
917 8609395.000000
918 8715091.000000
919 9110597.000000
920 8532125.000000
921 8474309.000000
922 8519915.000000
923 8563171.000000
924 8949996.000000
925 10336582.000000
926 10069636.000000
927 10415935.000000
928 9042579.000000
929 9547081.000000
930 9283479.000000
931 8822524.000000
932 10253122.000000
933 9908859.000000
934 9693426.000000
935 9456885.000000
936 9094867.000000
937 8646941.000000
938 8465298.000000
939 9354368.000000
940 8788008.000000
941 9072047.000000
942 10229554.000000
943 9701116.000000
944 9352992.000000
945 8897882.000000
946 9478388.000000
947 9389367.000000
948 9908764.000000
949 8490502.000000
950 9160519.000000
951 8582758.000000
952 8475400.000000
953 9337543.000000
954 8766870.000000
955 8454718.000000
956 9100791.000000
957 10215570.000000
958 8454131.000000
959 8999547.000000
960 10014590.000000
961 8822252.000000
962 8586921.000000
963 10464615.000000
964 9633612.000000
965 9561722.000000
966 9087094.000000
967 8873117.000000
968 8652916.000000
969 9023106.000000
970 9208566.000000
971 10271678.000000
972 9888126.000000
973 8567508.000000
974 8504488.000000
975 8888918.000000
976 8437724.000000
977 8480521.000000
978 8696021.000000
979 8484913.000000
980 8445196.000000
981 8578101.000000
982 8492207.000000
983 8787067.000000
984 8447365.000000
985 8655814.000000
986 8787633.000000
987 8671724.000000
988 8690167.000000
989 9102049.000000
990 9184382.000000
991 8497617.000000
992 9691540.000000
993 10750129.000000
994 10623840.000000
995 8470665.000000
996 8494582.000000
997 9268070.000000
998 9028593.000000
999 9502383.000000

* Info: Process finished (host anism-VivoBook-ASUSLaptop-X515EA-X515EA, process 8754)
* Info: Callchains info will be incomplete
* Info: Try to recompile your application with -fno-omit-frame-pointer or to rerun with btm=stack
* Info: Dumping samples (host anism-VivoBook-ASUSLaptop-X515EA-X515EA, process 8754)
* Info: Dumping source info for callchain nodes (host anism-VivoBook-ASUSLaptop-X515EA-X515EA, process 8754)
* Info: Building/writing metadata (host anism-VivoBook-ASUSLaptop-X515EA-X515EA)
* Info: Finished collect step (host anism-VivoBook-ASUSLaptop-X515EA-X515EA, process 8754)

Your experiment path is /home/anism/Bureau/Test Nbody Version Scalaire /maqao_2021-12-05_22-39-36/tools/lprof_npsu_run_0

To display your profiling results:
#################################################################################################
#    LEVEL    |     REPORT     |                            COMMAND                             #
#################################################################################################
#  Functions  |  Cluster-wide  |  maqao lprof -df xp=/home/anism/Bureau/Test Nbody Version Sca  #
#  Functions  |  Per-node      |  maqao lprof -df -dn xp=/home/anism/Bureau/Test Nbody Version  #
#  Functions  |  Per-process   |  maqao lprof -df -dp xp=/home/anism/Bureau/Test Nbody Version  #
#  Functions  |  Per-thread    |  maqao lprof -df -dt xp=/home/anism/Bureau/Test Nbody Version  #
#  Loops      |  Cluster-wide  |  maqao lprof -dl xp=/home/anism/Bureau/Test Nbody Version Sca  #
#  Loops      |  Per-node      |  maqao lprof -dl -dn xp=/home/anism/Bureau/Test Nbody Version  #
#  Loops      |  Per-process   |  maqao lprof -dl -dp xp=/home/anism/Bureau/Test Nbody Version  #
#  Loops      |  Per-thread    |  maqao lprof -dl -dt xp=/home/anism/Bureau/Test Nbody Version  #
#################################################################################################

