
* Info: Selecting the 'perf-low-ppn' engine for node madjid-Inspiron-3543

* Info: Process launched (host madjid-Inspiron-3543, process 17097)0 10570384.000000
1 12493096.000000
2 12489257.000000
3 10325865.000000
4 9251759.000000
5 10405791.000000
6 9315911.000000
7 12436336.000000
8 9518861.000000
9 11665973.000000
10 12665004.000000
11 12433410.000000
12 9285111.000000
13 12191773.000000
14 9943230.000000
15 9445590.000000
16 9200202.000000
17 14623939.000000
18 9304317.000000
19 9131276.000000
20 9163451.000000
21 10820722.000000
22 10853161.000000
23 9611360.000000
24 9211433.000000
25 9198376.000000
26 9252639.000000
27 9273726.000000
28 12407021.000000
29 11957352.000000
30 11307131.000000
31 10693672.000000
32 10241198.000000
33 9564577.000000
34 9642864.000000
35 9224556.000000
36 9174726.000000
37 9070677.000000
38 9119022.000000
39 9068532.000000
40 9063626.000000
41 9135104.000000
42 9261494.000000
43 10057003.000000
44 10991728.000000
45 10103500.000000
46 10157906.000000
47 10270557.000000
48 9658649.000000
49 9223225.000000
50 9253739.000000
51 9065617.000000
52 9153749.000000
53 9572255.000000
54 9405913.000000
55 9637155.000000
56 9421357.000000
57 9389908.000000
58 9178884.000000
59 9119539.000000
60 9091929.000000
61 9058412.000000
62 9356677.000000
63 9356127.000000
64 9395441.000000
65 9325822.000000
66 9519708.000000
67 9850599.000000
68 9523129.000000
69 10391491.000000
70 10165529.000000
71 9407310.000000
72 9382318.000000
73 9213061.000000
74 9277334.000000
75 9462497.000000
76 9252331.000000
77 9644195.000000
78 9287509.000000
79 9349428.000000
80 9287630.000000
81 9162978.000000
82 9119913.000000
83 9132222.000000
84 9336932.000000
85 10309882.000000
86 9084845.000000
87 9103578.000000
88 9803662.000000
89 10055914.000000
90 9932769.000000
91 10105909.000000
92 9671618.000000
93 9538254.000000
94 9213138.000000
95 9126425.000000
96 9089443.000000
97 9165145.000000
98 9171008.000000
99 9741754.000000
100 9655217.000000
101 9486356.000000
102 9920680.000000
103 10422258.000000
104 9417881.000000
105 9327450.000000
106 9064451.000000
107 9374332.000000
108 12937738.000000
109 10621424.000000
110 12843314.000000
111 9132101.000000
112 9358800.000000
113 9914179.000000
114 10983170.000000
115 9723142.000000
116 9348174.000000
117 9349989.000000
118 9380613.000000
119 9088607.000000
120 9086044.000000
121 9156114.000000
122 9125006.000000
123 9175628.000000
124 9725804.000000
125 9988616.000000
126 9918271.000000
127 9434557.000000
128 9298454.000000
129 9295286.000000
130 9059479.000000
131 9151648.000000
132 9042308.000000
133 9068675.000000
134 9778725.000000
135 9335337.000000
136 9254190.000000
137 9105547.000000
138 9205658.000000
139 9255774.000000
140 9081017.000000
141 9121211.000000
142 10412721.000000
143 12634996.000000
144 9302667.000000
145 9294835.000000
146 12449558.000000
147 12284965.000000
148 9124522.000000
149 12545918.000000
150 9488996.000000
151 11844756.000000
152 11945285.000000
153 11841368.000000
154 11131659.000000
155 10539551.000000
156 9348119.000000
157 10428737.000000
158 9477094.000000
159 9496795.000000
160 10893949.000000
161 9059314.000000
162 12261172.000000
163 9718709.000000
164 10470328.000000
165 10705123.000000
166 10735461.000000
167 10657526.000000
168 10441882.000000
169 9130253.000000
170 9574114.000000
171 10916785.000000
172 11251229.000000
173 12304248.000000
174 11975128.000000
175 12321727.000000
176 11937068.000000
177 11755645.000000
178 9758111.000000
179 9158116.000000
180 9706301.000000
181 9305857.000000
182 9231761.000000
183 9597676.000000
184 9561090.000000
185 9983875.000000
186 10054528.000000
187 10183932.000000
188 10275683.000000
189 9320597.000000
190 9257589.000000
191 9290204.000000
192 9673202.000000
193 9533810.000000
194 9497565.000000
195 9177124.000000
196 9090895.000000
197 9732822.000000
198 9835507.000000
199 9850819.000000
200 9285012.000000
201 9368700.000000
202 9249097.000000
203 9017954.000000
204 9211719.000000
205 9231948.000000
206 9579911.000000
207 9291601.000000
208 9296837.000000
209 10981322.000000
210 11084535.000000
211 10764798.000000
212 10534183.000000
213 9746891.000000
214 9303261.000000
215 9097693.000000
216 9090323.000000
217 9179159.000000
218 9023971.000000
219 9201610.000000
220 11045045.000000
221 11467951.000000
222 11560604.000000
223 11085371.000000
224 10825870.000000
225 10536911.000000
226 10020582.000000
227 9288730.000000
228 9404274.000000
229 9060777.000000
230 9077904.000000
231 9010540.000000
232 9035851.000000
233 9577986.000000
234 9727168.000000
235 9913695.000000
236 9485751.000000
237 9263188.000000
238 9320663.000000
239 9067322.000000
240 10553829.000000
241 9103237.000000
242 9088299.000000
243 9125765.000000
244 9336822.000000
245 9213677.000000
246 9114941.000000
247 9192788.000000
248 9205581.000000
249 9083085.000000
250 9089201.000000
251 9131562.000000
252 9083646.000000
253 9028734.000000
254 9250747.000000
255 9433182.000000
256 9127261.000000
257 9188850.000000
258 9096934.000000
259 9040119.000000
260 9143211.000000
261 9096065.000000
262 9092523.000000
263 9125490.000000
264 10193051.000000
265 11086691.000000
266 11139744.000000
267 9280337.000000
268 9218297.000000
269 9149833.000000
270 9177729.000000
271 9119924.000000
272 9064770.000000
273 9097946.000000
274 9112521.000000
275 9410016.000000
276 9462981.000000
277 9105910.000000
278 9213809.000000
279 9102797.000000
280 9048776.000000
281 9187640.000000
282 9090752.000000
283 9067674.000000
284 9287190.000000
285 9436889.000000
286 9362320.000000
287 9114391.000000
288 9167774.000000
289 9187046.000000
290 9096010.000000
291 9049447.000000
292 9130704.000000
293 9166344.000000
294 9323710.000000
295 9353982.000000
296 9379645.000000
297 9233279.000000
298 9154420.000000
299 9169171.000000
300 9140824.000000
301 9114061.000000
302 9025577.000000
303 9083657.000000
304 9375993.000000
305 9327296.000000
306 9271757.000000
307 9227922.000000
308 9157082.000000
309 9225931.000000
310 9067377.000000
311 9162637.000000
312 9148348.000000
313 9032727.000000
314 9338901.000000
315 9334600.000000
316 9195670.000000
317 9243685.000000
318 9256456.000000
319 9380030.000000
320 9054617.000000
321 9098133.000000
322 9113225.000000
323 9211796.000000
324 9330035.000000
325 9312787.000000
326 9223467.000000
327 9182404.000000
328 9138415.000000
329 9189796.000000
330 9103908.000000
331 9091918.000000
332 9125853.000000
333 9199751.000000
334 9443401.000000
335 9368326.000000
336 9219210.000000
337 9283736.000000
338 9231277.000000
339 9167334.000000
340 9164133.000000
341 9109254.000000
342 9102115.000000
343 9153199.000000
344 9392075.000000
345 9223148.000000
346 9118802.000000
347 9169886.000000
348 9097187.000000
349 9099398.000000
350 9187805.000000
351 12373482.000000
352 12340009.000000
353 17704918.000000
354 12379631.000000
355 12350657.000000
356 10156773.000000
357 12869186.000000
358 12826253.000000
359 12806035.000000
360 12794969.000000
361 12842269.000000
362 12884894.000000
363 12846570.000000
364 12855359.000000
365 12858978.000000
366 11518353.000000
367 9098562.000000
368 9083217.000000
369 9105140.000000
370 9263441.000000
371 10775116.000000
372 11037829.000000
373 10989484.000000
374 11113003.000000
375 9415538.000000
376 9338010.000000
377 9210102.000000
378 9094118.000000
379 9095053.000000
380 9172493.000000
381 9095031.000000
382 9307507.000000
383 9340947.000000
384 9342641.000000
385 9101125.000000
386 9150042.000000
387 9128086.000000
388 9054386.000000
389 9074604.000000
390 9087826.000000
391 9693695.000000
392 9154970.000000
393 9415571.000000
394 11091641.000000
395 9216735.000000
396 9211499.000000
397 9421775.000000
398 9435998.000000
399 9103941.000000
400 9112642.000000
401 9036709.000000
402 9067619.000000
403 9907359.000000
404 10942349.000000
405 11255090.000000
406 11022396.000000
407 10944868.000000
408 10695432.000000
409 10218164.000000
410 9299653.000000
411 9263958.000000
412 11025916.000000
413 9087342.000000
414 9186485.000000
415 10123080.000000
416 12810952.000000
417 9125391.000000
418 9841612.000000
419 10355675.000000
420 12255837.000000
421 13223848.000000
422 11084106.000000
423 11613657.000000
424 12066934.000000
425 9091005.000000
426 9171624.000000
427 9384353.000000
428 9423425.000000
429 9153155.000000
430 9056256.000000
431 9074560.000000
432 9074395.000000
433 9876735.000000
434 10911164.000000
435 11064548.000000
436 11079420.000000
437 10891672.000000
438 10563036.000000
439 10113741.000000
440 9160030.000000
441 9113214.000000
442 9070754.000000
443 9111113.000000
444 9113918.000000
445 9114171.000000
446 10110969.000000
447 10997921.000000
448 11042295.000000
449 10911604.000000
450 10904982.000000
451 10550243.000000
452 10181732.000000
453 9354499.000000
454 9353663.000000
455 9112103.000000
456 9079268.000000
457 9109001.000000
458 9142078.000000
459 9763281.000000
460 11685828.000000
461 11635305.000000
462 9392119.000000
463 9203205.000000
464 9183702.000000
465 9142936.000000
466 9081787.000000
467 9088695.000000
468 9100201.000000
469 9040922.000000
470 9347844.000000
471 9325261.000000
472 9258062.000000
473 9233708.000000
474 9187607.000000
475 9215899.000000
476 9075110.000000
477 9095053.000000
478 9089190.000000
479 9253783.000000
480 10237964.000000
481 11112574.000000
482 11347336.000000
483 11084414.000000
484 10925486.000000
485 10711019.000000
486 12696915.000000
487 12683649.000000
488 10591394.000000
489 9086143.000000
490 9319937.000000
491 9055673.000000
492 9004688.000000
493 9351331.000000
494 9185880.000000
495 9906919.000000
496 11148632.000000
497 11374528.000000
498 11282315.000000
499 11080311.000000
500 9370999.000000
501 9323303.000000
502 9165101.000000
503 9065947.000000
504 9065672.000000
505 9126601.000000
506 9041274.000000
507 9484420.000000
508 9600338.000000
509 9744515.000000
510 9358987.000000
511 9193767.000000
512 9115271.000000
513 8995888.000000
514 8968531.000000
515 9055398.000000
516 9055893.000000
517 9414999.000000
518 9287091.000000
519 9244444.000000
520 9197793.000000
521 9125204.000000
522 9485652.000000
523 9045146.000000
524 9030703.000000
525 9086770.000000
526 9245753.000000
527 9478381.000000
528 9554952.000000
529 9757891.000000
530 9439903.000000
531 9394814.000000
532 9246424.000000
533 9180897.000000
534 9068994.000000
535 9419520.000000
536 9448175.000000
537 9937961.000000
538 10155343.000000
539 10015412.000000
540 10034695.000000
541 9650432.000000
542 9381295.000000
543 9390689.000000
544 9044838.000000
545 9269216.000000
546 9226503.000000
547 9124962.000000
548 9284231.000000
549 9353608.000000
550 9312886.000000
551 9238086.000000
552 9385508.000000
553 9297431.000000
554 9045575.000000
555 9038304.000000
556 9038293.000000
557 9065496.000000
558 9294890.000000
559 9201511.000000
560 9182228.000000
561 9136501.000000
562 9182789.000000
563 9083514.000000
564 12337006.000000
565 12512016.000000
566 12340075.000000
567 12317635.000000
568 12316832.000000
569 9185836.000000
570 9119781.000000
571 9097033.000000
572 9798162.000000
573 9624461.000000
574 11617969.000000
575 12479115.000000
576 9712725.000000
577 13199692.000000
578 13080672.000000
579 9270734.000000
580 9154178.000000
581 9134169.000000
582 9162857.000000
583 9040416.000000
584 9037688.000000
585 9071755.000000
586 9101147.000000
587 9629950.000000
588 9758287.000000
589 9571639.000000
590 9434920.000000
591 10110716.000000
592 9237855.000000
593 9073515.000000
594 9113995.000000
595 9110090.000000
596 9284550.000000
597 9496872.000000
598 9643194.000000
599 9683718.000000
600 9261032.000000
601 9265454.000000
602 9243025.000000
603 9126403.000000
604 9075352.000000
605 9072811.000000
606 9088794.000000
607 9519279.000000
608 9658858.000000
609 9706004.000000
610 9462838.000000
611 9344577.000000
612 9232388.000000
613 9057972.000000
614 9228230.000000
615 9071304.000000
616 9094272.000000
617 9334006.000000
618 10996656.000000
619 11238227.000000
620 11094996.000000
621 9369635.000000
622 9361561.000000
623 9269810.000000
624 9126051.000000
625 9139053.000000
626 9087177.000000
627 9045509.000000
628 9034289.000000
629 9064935.000000
630 9902266.000000
631 11200552.000000
632 9210025.000000
633 11050325.000000
634 11416548.000000
635 12446324.000000
636 12373372.000000
637 9157170.000000
638 11431420.000000
639 9302931.000000
640 9117845.000000
641 9171250.000000
642 9143376.000000
643 9121090.000000
644 9275706.000000
645 9373914.000000
646 9218825.000000
647 9045388.000000
648 9190269.000000
649 9125820.000000
650 9078905.000000
651 9097418.000000
652 9074835.000000
653 9589272.000000
654 9412986.000000
655 9377654.000000
656 9305120.000000
657 9638222.000000
658 9551311.000000
659 9222917.000000
660 9195461.000000
661 9043936.000000
662 9113973.000000
663 9094404.000000
664 9083382.000000
665 9663973.000000
666 9718621.000000
667 9740357.000000
668 9548737.000000
669 9237987.000000
670 9234676.000000
671 9095372.000000
672 9019208.000000
673 9066090.000000
674 9129802.000000
675 9603561.000000
676 9780364.000000
677 9400446.000000
678 9122586.000000
679 9075143.000000
680 9106922.000000
681 9070171.000000
682 9141506.000000
683 9172581.000000
684 9147380.000000
685 9393450.000000
686 9342267.000000
687 9275926.000000
688 9214249.000000
689 9200862.000000
690 9372341.000000
691 9073031.000000
692 9063670.000000
693 9744361.000000
694 9125567.000000
695 9790913.000000
696 9924981.000000
697 9947971.000000
698 9262737.000000
699 9464609.000000
700 9321895.000000
701 9478623.000000
702 9391569.000000
703 9408718.000000
704 9101235.000000
705 9168775.000000
706 9797964.000000
707 9988165.000000
708 9919030.000000
709 9338912.000000
710 9313953.000000
711 9313106.000000
712 9011838.000000
713 9159821.000000
714 9151395.000000
715 9114688.000000
716 9809679.000000
717 9877494.000000
718 9975911.000000
719 9315207.000000
720 9517618.000000
721 9303052.000000
722 9443907.000000
723 9129483.000000
724 9439309.000000
725 9268226.000000
726 9072349.000000
727 9603440.000000
728 11001144.000000
729 11157949.000000
730 11322949.000000
731 10892838.000000
732 9278764.000000
733 9177454.000000
734 9315735.000000
735 9016810.000000
736 9104612.000000
737 9248657.000000
738 9082348.000000
739 9409048.000000
740 9357766.000000
741 9317374.000000
742 9209959.000000
743 9163407.000000
744 9182987.000000
745 9035939.000000
746 9037622.000000
747 9213127.000000
748 9098353.000000
749 9544854.000000
750 9357546.000000
751 9230463.000000
752 9259624.000000
753 9238691.000000
754 9181381.000000
755 9118131.000000
756 9120683.000000
757 9053814.000000
758 9066574.000000
759 9374563.000000
760 9349274.000000
761 9215976.000000
762 9191017.000000
763 9185605.000000
764 9085934.000000
765 9113808.000000
766 9109166.000000
767 9108704.000000
768 9135115.000000
769 9286541.000000
770 9308629.000000
771 9082524.000000
772 9163143.000000
773 9655030.000000
774 9247117.000000
775 9197683.000000
776 9220497.000000
777 9104150.000000
778 10230825.000000
779 10821305.000000
780 10039007.000000
781 9401447.000000
782 9443104.000000
783 10139404.000000
784 9141682.000000
785 10138491.000000
786 9040471.000000
787 9738619.000000
788 12992914.000000
789 12942523.000000
790 9142463.000000
791 12849815.000000
792 12732357.000000
793 12767282.000000
794 9035290.000000
795 9099486.000000
796 9097891.000000
797 9380107.000000
798 10535514.000000
799 11126918.000000
800 10967319.000000
801 11023463.000000
802 9458702.000000
803 9289280.000000
804 9224039.000000
805 9042495.000000
806 9098067.000000
807 9059149.000000
808 9046576.000000
809 9572508.000000
810 9735539.000000
811 9701439.000000
812 9549056.000000
813 9479360.000000
814 9185198.000000
815 9035851.000000
816 9051185.000000
817 9056696.000000
818 9145433.000000
819 9553687.000000
820 9750554.000000
821 9683300.000000
822 9235435.000000
823 10638309.000000
824 9219210.000000
825 9343444.000000
826 9055530.000000
827 9081237.000000
828 9004094.000000
829 9128713.000000
830 9683322.000000
831 9766020.000000
832 9885931.000000
833 9540102.000000
834 9257556.000000
835 9225348.000000
836 9013642.000000
837 9072756.000000
838 9079565.000000
839 9138833.000000
840 9504451.000000
841 9698414.000000
842 9672927.000000
843 9568515.000000
844 10127755.000000
845 9208859.000000
846 10103841.000000
847 9157962.000000
848 10956583.000000
849 9071920.000000
850 9794048.000000
851 9982291.000000
852 12082928.000000
853 10415471.000000
854 9213061.000000
855 9509192.000000
856 9212841.000000
857 9173549.000000
858 9200114.000000
859 9035785.000000
860 9195296.000000
861 9076628.000000
862 9064341.000000
863 9301600.000000
864 9679604.000000
865 9800252.000000
866 9569714.000000
867 9315636.000000
868 9240594.000000
869 9103270.000000
870 9084988.000000
871 9177025.000000
872 9117119.000000
873 9343202.000000
874 9308915.000000
875 9288279.000000
876 9204646.000000
877 9193492.000000
878 9181315.000000
879 9138228.000000
880 9199542.000000
881 9096516.000000
882 9137711.000000
883 9252771.000000
884 9399016.000000
885 9185132.000000
886 9147930.000000
887 9151439.000000
888 9198530.000000
889 9144542.000000
890 9205130.000000
891 9303745.000000
892 9259613.000000
893 9375245.000000
894 9235578.000000
895 9030923.000000
896 9151659.000000
897 9114028.000000
898 9087034.000000
899 9073746.000000
900 9086682.000000
901 9064847.000000
902 9468877.000000
903 9292404.000000
904 9197617.000000
905 9020924.000000
906 9108341.000000
907 9173186.000000
908 9075682.000000
909 9125567.000000
910 9119583.000000
911 9147622.000000
912 9760993.000000
913 9869497.000000
914 10001662.000000
915 9272087.000000
916 9466050.000000
917 9367314.000000
918 12889987.000000
919 9226635.000000
920 9150966.000000
921 9100344.000000
922 9256401.000000
923 9119869.000000
924 9396409.000000
925 9341354.000000
926 9370878.000000
927 9193459.000000
928 9230562.000000
929 9203216.000000
930 9194361.000000
931 9148524.000000
932 9088695.000000
933 9115073.000000
934 9501228.000000
935 9320806.000000
936 9257820.000000
937 9259712.000000
938 9239714.000000
939 9190533.000000
940 9077354.000000
941 9165266.000000
942 9083074.000000
943 9076155.000000
944 9422952.000000
945 9339726.000000
946 9203909.000000
947 9202897.000000
948 9408256.000000
949 9202006.000000
950 9207814.000000
951 9114985.000000
952 9164540.000000
953 9040427.000000
954 10266256.000000
955 10923858.000000
956 9231156.000000
957 9086264.000000
958 9172933.000000
959 9168324.000000
960 9070919.000000
961 9098738.000000
962 9218154.000000
963 9098375.000000
964 9340573.000000
965 9283681.000000
966 9204855.000000
967 9132805.000000
968 9167983.000000
969 9178169.000000
970 9086011.000000
971 9100003.000000
972 9162549.000000
973 9093128.000000
974 9450144.000000
975 9328726.000000
976 9277070.000000
977 9174451.000000
978 9105932.000000
979 9202061.000000
980 9099002.000000
981 9167576.000000
982 9190302.000000
983 9082920.000000
984 9360516.000000
985 9456150.000000
986 9191600.000000
987 9173835.000000
988 9424503.000000
989 9400160.000000
990 9029911.000000
991 9088442.000000
992 9192304.000000
993 11047102.000000
994 9646351.000000
995 11338635.000000
996 10220639.000000
997 11486838.000000
998 12278530.000000
999 10928775.000000

* Info: Process finished (host madjid-Inspiron-3543, process 17097)
* Info: Callchains info will be incomplete
* Info: Try to recompile your application with -fno-omit-frame-pointer or to rerun with btm=stack
* Info: Dumping samples (host madjid-Inspiron-3543, process 17097)
* Info: Dumping source info for callchain nodes (host madjid-Inspiron-3543, process 17097)
* Info: Building/writing metadata (host madjid-Inspiron-3543)
* Info: Finished collect step (host madjid-Inspiron-3543, process 17097)

Your experiment path is /home/madjid/Bureau/CHPS/Archi_Paralelle/TP2-1/todo/maqao_2021-12-03_15-43-00/tools/lprof_npsu_run_0

To display your profiling results:
#################################################################################################
#    LEVEL    |     REPORT     |                            COMMAND                             #
#################################################################################################
#  Functions  |  Cluster-wide  |  maqao lprof -df xp=/home/madjid/Bureau/CHPS/Archi_Paralelle/  #
#  Functions  |  Per-node      |  maqao lprof -df -dn xp=/home/madjid/Bureau/CHPS/Archi_Parale  #
#  Functions  |  Per-process   |  maqao lprof -df -dp xp=/home/madjid/Bureau/CHPS/Archi_Parale  #
#  Functions  |  Per-thread    |  maqao lprof -df -dt xp=/home/madjid/Bureau/CHPS/Archi_Parale  #
#  Loops      |  Cluster-wide  |  maqao lprof -dl xp=/home/madjid/Bureau/CHPS/Archi_Paralelle/  #
#  Loops      |  Per-node      |  maqao lprof -dl -dn xp=/home/madjid/Bureau/CHPS/Archi_Parale  #
#  Loops      |  Per-process   |  maqao lprof -dl -dp xp=/home/madjid/Bureau/CHPS/Archi_Parale  #
#  Loops      |  Per-thread    |  maqao lprof -dl -dt xp=/home/madjid/Bureau/CHPS/Archi_Parale  #
#################################################################################################

