
* Info: Selecting the 'perf-low-ppn' engine for node anism-VivoBook-ASUSLaptop-X515EA-X515EA

* Info: Process launched (host anism-VivoBook-ASUSLaptop-X515EA-X515EA, process 5705)
[1mTotal memory size:[0m 2706432 B, 2643 KiB, 2 MiB

n= 56384 
[1m Step    Time, s Interact/s  GFLOP/s[0m
    0  8.068e+00  3.940e+08      9.1 *
    1  8.225e+00  3.865e+08      8.9 *
    2  7.914e+00  4.017e+08      9.2 *
    3  7.095e+00  4.481e+08     10.3 
    4  6.837e+00  4.650e+08     10.7 
    5  6.835e+00  4.652e+08     10.7 
    6  6.810e+00  4.668e+08     10.7 
    7  6.843e+00  4.646e+08     10.7 
    8  6.880e+00  4.621e+08     10.6 
    9  6.872e+00  4.626e+08     10.6 
-----------------------------------------------------
[1mAverage performance:      [42m      10.6 +- 0.1 GFLOP/s[0m
-----------------------------------------------------

* Info: Process finished (host anism-VivoBook-ASUSLaptop-X515EA-X515EA, process 5705)
* Info: Dumping samples (host anism-VivoBook-ASUSLaptop-X515EA-X515EA, process 5705)
* Info: Dumping source info for callchain nodes (host anism-VivoBook-ASUSLaptop-X515EA-X515EA, process 5705)
* Info: Building/writing metadata (host anism-VivoBook-ASUSLaptop-X515EA-X515EA)
* Info: Finished collect step (host anism-VivoBook-ASUSLaptop-X515EA-X515EA, process 5705)

Your experiment path is /home/anism/Bureau/Comparaison/maqao_2022-01-07_11-45-01/tools/lprof_npsu_run_0

To display your profiling results:
#################################################################################################
#    LEVEL    |     REPORT     |                            COMMAND                             #
#################################################################################################
#  Functions  |  Cluster-wide  |  maqao lprof -df xp=/home/anism/Bureau/Comparaison/maqao_2022  #
#  Functions  |  Per-node      |  maqao lprof -df -dn xp=/home/anism/Bureau/Comparaison/maqao_  #
#  Functions  |  Per-process   |  maqao lprof -df -dp xp=/home/anism/Bureau/Comparaison/maqao_  #
#  Functions  |  Per-thread    |  maqao lprof -df -dt xp=/home/anism/Bureau/Comparaison/maqao_  #
#  Loops      |  Cluster-wide  |  maqao lprof -dl xp=/home/anism/Bureau/Comparaison/maqao_2022  #
#  Loops      |  Per-node      |  maqao lprof -dl -dn xp=/home/anism/Bureau/Comparaison/maqao_  #
#  Loops      |  Per-process   |  maqao lprof -dl -dp xp=/home/anism/Bureau/Comparaison/maqao_  #
#  Loops      |  Per-thread    |  maqao lprof -dl -dt xp=/home/anism/Bureau/Comparaison/maqao_  #
#################################################################################################

