
* Info: Selecting the 'perf-low-ppn' engine for node anism-VivoBook-ASUSLaptop-X515EA-X515EA

* Info: Process launched (host anism-VivoBook-ASUSLaptop-X515EA-X515EA, process 4380)0 6898405.000000
1 7301034.000000
2 5014757.000000
3 7259768.000000
4 6316140.000000
5 5774271.000000
6 3047964.000000
7 3261355.000000
8 3268267.000000
9 3342081.000000
10 3952965.000000
11 4658445.000000
12 6238024.000000
13 8610997.000000
14 4114203.000000
15 7483307.000000
16 7062999.000000
17 3620358.000000
18 3677247.000000
19 3863638.000000
20 4490551.000000
21 5791350.000000
22 6841020.000000
23 8264893.000000
24 6848419.000000
25 5721272.000000
26 7042422.000000
27 6316222.000000
28 6018083.000000
29 6009466.000000
30 6759628.000000
31 6288145.000000
32 5995113.000000
33 5033103.000000
34 5373234.000000
35 5867239.000000
36 5956341.000000
37 6376243.000000
38 6080486.000000
39 6541515.000000
40 6353560.000000
41 6223711.000000
42 6675143.000000
43 6360054.000000
44 5583627.000000
45 4866226.000000
46 4743542.000000
47 4684491.000000
48 5748579.000000
49 6305859.000000
50 5784573.000000
51 5993643.000000
52 6092188.000000
53 6339514.000000
54 6060047.000000
55 6109081.000000
56 6211117.000000
57 6292023.000000
58 6361568.000000
59 6284632.000000
60 6311324.000000
61 7021775.000000
62 9790103.000000
63 8292416.000000
64 6392723.000000
65 5533064.000000
66 4836472.000000
67 6020009.000000
68 10484182.000000
69 8898482.000000
70 6830363.000000
71 6828901.000000
72 9117750.000000
73 9171654.000000
74 8144565.000000
75 6317004.000000
76 6617874.000000
77 6336296.000000
78 6510032.000000
79 10412860.000000
80 8897770.000000
81 8512108.000000
82 7630739.000000
83 7444133.000000
84 6409354.000000
85 5986195.000000
86 5777141.000000
87 6287585.000000
88 6442804.000000
89 6333923.000000
90 5238617.000000
91 6555910.000000
92 4898619.000000
93 4658519.000000
94 5061711.000000
95 5980199.000000
96 6508171.000000
97 6479042.000000
98 6497397.000000
99 6205983.000000
100 6256021.000000
101 6312864.000000
102 6466131.000000
103 6254803.000000
104 6294696.000000
105 6180519.000000
106 6119905.000000
107 6348912.000000
108 6115851.000000
109 6145977.000000
110 6292705.000000
111 6094711.000000
112 6128396.000000
113 6073180.000000
114 6092779.000000
115 5994519.000000
116 5803576.000000
117 5720290.000000
118 5783814.000000
119 6017459.000000
120 6017364.000000
121 6088474.000000
122 6117999.000000
123 6446091.000000
124 6121960.000000
125 6140179.000000
126 5495456.000000
127 4853405.000000
128 5730269.000000
129 7170167.000000
130 8795138.000000
131 7215772.000000
132 6384804.000000
133 6305137.000000
134 6049795.000000
135 5052596.000000
136 6341167.000000
137 7860821.000000
138 6643801.000000
139 6706661.000000
140 6050405.000000
141 5750038.000000
142 8117637.000000
143 6367392.000000
144 6006950.000000
145 7290187.000000
146 5264866.000000
147 4208104.000000
148 4359789.000000
149 4119458.000000
150 3824864.000000
151 3942544.000000
152 5039655.000000
153 5474651.000000
154 6007953.000000
155 6312873.000000
156 6339694.000000
157 6617424.000000
158 6791939.000000
159 6311673.000000
160 6045344.000000
161 5994659.000000
162 6070519.000000
163 5993694.000000
164 5752904.000000
165 7346115.000000
166 6911094.000000
167 10374338.000000
168 8069820.000000
169 7342101.000000
170 7662471.000000
171 5784819.000000
172 5394775.000000
173 5675887.000000
174 6267093.000000
175 8575682.000000
176 7322775.000000
177 6306227.000000
178 6163961.000000
179 6611388.000000
180 6587490.000000
181 6188986.000000
182 6237892.000000
183 6597299.000000
184 6531060.000000
185 6586333.000000
186 6399321.000000
187 6124600.000000
188 6289294.000000
189 6385706.000000
190 6305697.000000
191 6351982.000000
192 6210054.000000
193 5482502.000000
194 5118401.000000
195 4658087.000000
196 4885173.000000
197 5086118.000000
198 5718837.000000
199 5791023.000000
200 5749689.000000
201 5825112.000000
202 6065187.000000
203 6229405.000000
204 6443631.000000
205 6259891.000000
206 6258839.000000
207 6115128.000000
208 6278800.000000
209 6631600.000000
210 6313407.000000
211 6778625.000000
212 6771320.000000
213 9037325.000000
214 7513012.000000
215 6014229.000000
216 6337782.000000
217 6563157.000000
218 5718972.000000
219 5756097.000000
220 6012547.000000
221 6062334.000000
222 6003430.000000
223 5508630.000000
224 5247946.000000
225 5476423.000000
226 5187227.000000
227 5152727.000000
228 4697544.000000
229 5241098.000000
230 5055327.000000
231 6335287.000000
232 6321790.000000
233 7097984.000000
234 8005709.000000
235 7243631.000000
236 7982919.000000
237 7427365.000000
238 5989176.000000
239 6317392.000000
240 6087464.000000
241 5808710.000000
242 5758568.000000
243 6651192.000000
244 6333075.000000
245 6355977.000000
246 6313625.000000
247 6159737.000000
248 6236401.000000
249 6113249.000000
250 6078780.000000
251 6007170.000000
252 6066886.000000
253 6060502.000000
254 5748168.000000
255 5994576.000000
256 6333874.000000
257 6314742.000000
258 7288139.000000
259 6029299.000000
260 6675777.000000
261 7868371.000000
262 7464303.000000
263 6116717.000000
264 6595491.000000
265 5241167.000000
266 7930698.000000
267 6405539.000000
268 4545529.000000
269 4621727.000000
270 4359063.000000
271 4318006.000000
272 5044931.000000
273 5756202.000000
274 6046108.000000
275 6021402.000000
276 6064675.000000
277 6717759.000000
278 8437330.000000
279 7252891.000000
280 7323850.000000
281 6169481.000000
282 6639107.000000
283 5247034.000000
284 5986610.000000
285 6584909.000000
286 6790549.000000
287 6774305.000000
288 6192101.000000
289 6467078.000000
290 6636004.000000
291 6382298.000000
292 6547656.000000
293 6840875.000000
294 6795356.000000
295 7410346.000000
296 7611419.000000
297 6709786.000000
298 9301704.000000
299 8086196.000000
300 6287331.000000
301 6054139.000000
302 7676561.000000
303 7040697.000000
304 6044143.000000
305 6290007.000000
306 6014618.000000
307 6337170.000000
308 6565356.000000
309 5812138.000000
310 4374556.000000
311 4657868.000000
312 4364567.000000
313 3977941.000000
314 4056698.000000
315 4835504.000000
316 5491671.000000
317 6278526.000000
318 6736633.000000
319 10080332.000000
320 7640571.000000
321 6418980.000000
322 6310607.000000
323 6029484.000000
324 6691949.000000
325 6090623.000000
326 6835829.000000
327 6635841.000000
328 5249355.000000
329 5046694.000000
330 4668269.000000
331 4682509.000000
332 5483349.000000
333 5738288.000000
334 5758225.000000
335 5789690.000000
336 5765535.000000
337 5516522.000000
338 5485083.000000
339 5263742.000000
340 5283614.000000
341 5053364.000000
342 4658697.000000
343 5308052.000000
344 5700431.000000
345 5738665.000000
346 5753768.000000
347 5756852.000000
348 5734353.000000
349 5467123.000000
350 5239387.000000
351 5265026.000000
352 5053801.000000
353 5239290.000000
354 5784534.000000
355 6351717.000000
356 7585196.000000
357 5269789.000000
358 6343527.000000
359 6395815.000000
360 7175200.000000
361 7901575.000000
362 7767026.000000
363 7264609.000000
364 6027452.000000
365 5265900.000000
366 5294404.000000
367 6669837.000000
368 6412189.000000
369 6763891.000000
370 6023416.000000
371 6050047.000000
372 6302294.000000
373 6307005.000000
374 6933686.000000
375 6127949.000000
376 5542782.000000
377 5264916.000000
378 5629318.000000
379 5305963.000000
380 4965875.000000
381 4695156.000000
382 5500908.000000
383 5932622.000000
384 6369836.000000
385 7565818.000000
386 6309958.000000
387 6814682.000000
388 6581287.000000
389 5503511.000000
390 8230927.000000
391 7330570.000000
392 6345938.000000
393 5988475.000000
394 6042202.000000
395 5985330.000000
396 5766814.000000
397 5055761.000000
398 5046483.000000
399 5733902.000000
400 6217702.000000
401 6254554.000000
402 6317372.000000
403 6308194.000000
404 6333264.000000
405 6463877.000000
406 7873360.000000
407 7362113.000000
408 6647630.000000
409 6397087.000000
410 5326554.000000
411 5061269.000000
412 5241864.000000
413 5518806.000000
414 6512513.000000
415 8032685.000000
416 7349415.000000
417 6352044.000000
418 6110665.000000
419 6308048.000000
420 6243908.000000
421 6219543.000000
422 6186385.000000
423 5911603.000000
424 7328707.000000
425 7254803.000000
426 8246376.000000
427 5987953.000000
428 6340909.000000
429 6314695.000000
430 7012894.000000
431 6285743.000000
432 6081788.000000
433 6736393.000000
434 5263236.000000
435 6288993.000000
436 6495895.000000
437 9190582.000000
438 9261362.000000
439 6309594.000000
440 6314450.000000
441 7089097.000000
442 6629514.000000
443 6704777.000000
444 8342608.000000
445 5250392.000000
446 5491301.000000
447 8288130.000000
448 6177156.000000
449 7194789.000000
450 10626476.000000
451 7244583.000000
452 6590666.000000
453 6465635.000000
454 7692873.000000
455 8088155.000000
456 6344531.000000
457 6159262.000000
458 5038112.000000
459 5068478.000000
460 5368492.000000
461 5276907.000000
462 4988478.000000
463 5531981.000000
464 5721333.000000
465 5775791.000000
466 5745405.000000
467 5742559.000000
468 7210629.000000
469 6549789.000000
470 7305009.000000
471 6322883.000000
472 6286601.000000
473 6951928.000000
474 8384818.000000
475 6375273.000000
476 6280758.000000
477 5780441.000000
478 6715891.000000
479 6670273.000000
480 6670499.000000
481 6623176.000000
482 6269955.000000
483 6004528.000000
484 6367987.000000
485 6811025.000000
486 6948294.000000
487 6317120.000000
488 5466107.000000
489 4835258.000000
490 4697821.000000
491 5875239.000000
492 6001030.000000
493 6505888.000000
494 6099138.000000
495 6094679.000000
496 5769558.000000
497 6006489.000000
498 6016382.000000
499 5318478.000000
500 5501670.000000
501 5602450.000000
502 6342068.000000
503 6737584.000000
504 6620887.000000
505 6317866.000000
506 6690452.000000
507 6690880.000000
508 7836086.000000
509 5590770.000000
510 5805239.000000
511 4916776.000000
512 4837329.000000
513 5485940.000000
514 5490233.000000
515 6731113.000000
516 10873780.000000
517 9558416.000000
518 6654930.000000
519 5990487.000000
520 8510503.000000
521 6063614.000000
522 5490202.000000
523 6298627.000000
524 6403978.000000
525 6088920.000000
526 9025124.000000
527 6174693.000000
528 4529645.000000
529 5333938.000000
530 6102247.000000
531 6593525.000000
532 6782484.000000
533 7965935.000000
534 6365764.000000
535 7546762.000000
536 5232098.000000
537 4360559.000000
538 4560853.000000
539 5332763.000000
540 6347392.000000
541 6635414.000000
542 6807369.000000
543 6737923.000000
544 7714630.000000
545 7230264.000000
546 7339000.000000
547 6450072.000000
548 6749877.000000
549 8251618.000000
550 10271996.000000
551 6092889.000000
552 4837614.000000
553 4066323.000000
554 4199547.000000
555 5045821.000000
556 5466693.000000
557 5840074.000000
558 6352834.000000
559 7141243.000000
560 5507806.000000
561 4337323.000000
562 5321051.000000
563 5744807.000000
564 6037132.000000
565 6627489.000000
566 5028798.000000
567 5909296.000000
568 5338289.000000
569 4679711.000000
570 6273237.000000
571 7134038.000000
572 8784352.000000
573 9215991.000000
574 6776951.000000
575 6692895.000000
576 7548312.000000
577 6773667.000000
578 9059699.000000
579 6953161.000000
580 4869550.000000
581 4501346.000000
582 4294253.000000
583 4076054.000000
584 4191955.000000
585 5039949.000000
586 5740757.000000
587 6015737.000000
588 6132552.000000
589 6127555.000000
590 6216627.000000
591 6280809.000000
592 6264198.000000
593 6411699.000000
594 5492111.000000
595 5145869.000000
596 4873694.000000
597 4911366.000000
598 4863356.000000
599 4656391.000000
600 5052773.000000
601 5252932.000000
602 5426141.000000
603 5253775.000000
604 4913752.000000
605 4660187.000000
606 4860265.000000
607 5045897.000000
608 5076419.000000
609 5239344.000000
610 5489960.000000
611 5282113.000000
612 4929687.000000
613 4701915.000000
614 4678734.000000
615 4745296.000000
616 4836792.000000
617 5072825.000000
618 5237824.000000
619 5214898.000000
620 5126680.000000
621 4702155.000000
622 4515452.000000
623 4503964.000000
624 5090160.000000
625 5028648.000000
626 5273795.000000
627 5300983.000000
628 4912155.000000
629 4680140.000000
630 4678286.000000
631 4702773.000000
632 4835569.000000
633 4871288.000000
634 5155249.000000
635 4813983.000000
636 4586800.000000
637 4859003.000000
638 5740127.000000
639 6015907.000000
640 6338132.000000
641 6055924.000000
642 5774791.000000
643 5986282.000000
644 8198797.000000
645 8746782.000000
646 8985643.000000
647 5736475.000000
648 4853203.000000
649 3697423.000000
650 4672667.000000
651 5361086.000000
652 5741526.000000
653 5834018.000000
654 6495568.000000
655 5293949.000000
656 5722422.000000
657 6316474.000000
658 6675175.000000
659 7766372.000000
660 5748947.000000
661 6070995.000000
662 6037065.000000
663 5787113.000000
664 5751229.000000
665 5997713.000000
666 6050316.000000
667 8885285.000000
668 7597607.000000
669 5731569.000000
670 6462656.000000
671 7299952.000000
672 5239692.000000
673 6033854.000000
674 6013990.000000
675 6042633.000000
676 6748871.000000
677 6123769.000000
678 4858826.000000
679 5254596.000000
680 5355519.000000
681 6682748.000000
682 7302613.000000
683 9416866.000000
684 8471661.000000
685 8127208.000000
686 6382794.000000
687 6433944.000000
688 5509671.000000
689 5722430.000000
690 5281778.000000
691 7474001.000000
692 7229321.000000
693 6493700.000000
694 6285174.000000
695 6029576.000000
696 6319022.000000
697 6031250.000000
698 6067877.000000
699 5029786.000000
700 5852792.000000
701 6618526.000000
702 6539713.000000
703 6462790.000000
704 6977565.000000
705 5185235.000000
706 5694466.000000
707 5731341.000000
708 5987134.000000
709 6561879.000000
710 7296402.000000
711 8018077.000000
712 8062565.000000
713 6331520.000000
714 7119422.000000
715 8021227.000000
716 8452692.000000
717 8066083.000000
718 6908502.000000
719 5880973.000000
720 6672151.000000
721 6660950.000000
722 5992255.000000
723 5549512.000000
724 5779404.000000
725 6383247.000000
726 8768515.000000
727 6493440.000000
728 4860796.000000
729 4337789.000000
730 5751989.000000
731 6455429.000000
732 6576406.000000
733 6470378.000000
734 6769326.000000
735 6461453.000000
736 6316876.000000
737 6260996.000000
738 5840604.000000
739 6316423.000000
740 9283672.000000
741 9138603.000000
742 6094939.000000
743 4715347.000000
744 5256224.000000
745 6949619.000000
746 9718476.000000
747 7490454.000000
748 6050483.000000
749 6018347.000000
750 6041333.000000
751 6064855.000000
752 5533660.000000
753 6036758.000000
754 7516727.000000
755 7101208.000000
756 6107472.000000
757 4835866.000000
758 5765118.000000
759 6770335.000000
760 7914449.000000
761 6112618.000000
762 5518040.000000
763 5348653.000000
764 5396153.000000
765 6794034.000000
766 9662420.000000
767 8851311.000000
768 6362947.000000
769 6553900.000000
770 7897194.000000
771 6032358.000000
772 6323470.000000
773 9311646.000000
774 8862464.000000
775 6041190.000000
776 5494536.000000
777 5986774.000000
778 6314073.000000
779 5989396.000000
780 9014152.000000
781 6620493.000000
782 6399940.000000
783 5526999.000000
784 4349744.000000
785 5751227.000000
786 7538042.000000
787 6359492.000000
788 6807575.000000
789 6039749.000000
790 6907204.000000
791 7799030.000000
792 6710207.000000
793 6289296.000000
794 6021139.000000
795 6178526.000000
796 5328845.000000
797 5488863.000000
798 5994021.000000
799 6354247.000000
800 8199100.000000
801 7580005.000000
802 7051985.000000
803 7295337.000000
804 6091044.000000
805 5987721.000000
806 6070852.000000
807 5477185.000000
808 5538866.000000
809 5687973.000000
810 5926829.000000
811 6017595.000000
812 6267137.000000
813 6337221.000000
814 6201279.000000
815 6340666.000000
816 6255044.000000
817 6343898.000000
818 6182239.000000
819 6366028.000000
820 6137435.000000
821 6010878.000000
822 5940380.000000
823 5784626.000000
824 5773328.000000
825 5717849.000000
826 5198093.000000
827 5026756.000000
828 4836882.000000
829 5757858.000000
830 5993927.000000
831 6021778.000000
832 6056334.000000
833 6318402.000000
834 6351477.000000
835 6291322.000000
836 6533561.000000
837 6332364.000000
838 6357775.000000
839 6213604.000000
840 6206789.000000
841 6315427.000000
842 6174646.000000
843 6179591.000000
844 6170697.000000
845 6123431.000000
846 6126523.000000
847 6145646.000000
848 6095020.000000
849 6089864.000000
850 6101566.000000
851 6084225.000000
852 6049292.000000
853 6046080.000000
854 6066857.000000
855 5738659.000000
856 5740440.000000
857 6013844.000000
858 5518763.000000
859 5030575.000000
860 4730191.000000
861 5049113.000000
862 5655380.000000
863 7130757.000000
864 9413639.000000
865 9224574.000000
866 8973645.000000
867 8281679.000000
868 5738067.000000
869 5490042.000000
870 5244359.000000
871 5744798.000000
872 5820885.000000
873 6060112.000000
874 6692313.000000
875 6287245.000000
876 6027462.000000
877 8234673.000000
878 6967456.000000
879 7540034.000000
880 6821965.000000
881 5340721.000000
882 4258909.000000
883 4802419.000000
884 5182323.000000
885 5338608.000000
886 6612126.000000
887 7697688.000000
888 9440775.000000
889 9355606.000000
890 8665353.000000
891 6063114.000000
892 5821403.000000
893 5492263.000000
894 5807726.000000
895 5827711.000000
896 6393695.000000
897 6293212.000000
898 6359873.000000
899 7312473.000000
900 9843699.000000
901 8302313.000000
902 5262357.000000
903 5796306.000000
904 6016797.000000
905 5281627.000000
906 5717533.000000
907 6060170.000000
908 7447945.000000
909 6396556.000000
910 6314015.000000
911 8653445.000000
912 8050449.000000
913 7177267.000000
914 6775882.000000
915 8742535.000000
916 6636064.000000
917 5028513.000000
918 4688131.000000
919 5517629.000000
920 6052706.000000
921 6411227.000000
922 6129253.000000
923 6519236.000000
924 5086165.000000
925 4714257.000000
926 5549022.000000
927 6295836.000000
928 6701218.000000
929 6676654.000000
930 6628424.000000
931 6673952.000000
932 6958118.000000
933 7222700.000000
934 5559519.000000
935 6019550.000000
936 6735239.000000
937 6606294.000000
938 6390251.000000
939 7226201.000000
940 8443429.000000
941 6475904.000000
942 10448430.000000
943 7558721.000000
944 5536501.000000
945 4656924.000000
946 6027874.000000
947 6017016.000000
948 5853424.000000
949 6778514.000000
950 5902443.000000
951 5999208.000000
952 6724852.000000
953 5302170.000000
954 4373658.000000
955 4657472.000000
956 4683904.000000
957 5763063.000000
958 8771763.000000
959 8923562.000000
960 7698488.000000
961 5786087.000000
962 5259161.000000
963 5771554.000000
964 6040157.000000
965 6908893.000000
966 7126861.000000
967 6477067.000000
968 5535267.000000
969 5028577.000000
970 6771960.000000
971 6478851.000000
972 5542980.000000
973 6321408.000000
974 6308790.000000
975 6047876.000000
976 6040228.000000
977 8913061.000000
978 9224659.000000
979 6342171.000000
980 6665252.000000
981 6850706.000000
982 7552910.000000
983 7298196.000000
984 6333510.000000
985 6030907.000000
986 6063412.000000
987 6351012.000000
988 6065327.000000
989 6056877.000000
990 6275300.000000
991 6027043.000000
992 6423021.000000
993 4795873.000000
994 5300739.000000
995 6171695.000000
996 6593283.000000
997 6838556.000000
998 5821269.000000
999 6767669.000000

* Info: Process finished (host anism-VivoBook-ASUSLaptop-X515EA-X515EA, process 4380)
* Info: Callchains info will be incomplete
* Info: Try to recompile your application with -fno-omit-frame-pointer or to rerun with btm=stack
* Info: Dumping samples (host anism-VivoBook-ASUSLaptop-X515EA-X515EA, process 4380)
* Info: Dumping source info for callchain nodes (host anism-VivoBook-ASUSLaptop-X515EA-X515EA, process 4380)
* Info: Building/writing metadata (host anism-VivoBook-ASUSLaptop-X515EA-X515EA)
* Info: Finished collect step (host anism-VivoBook-ASUSLaptop-X515EA-X515EA, process 4380)

Your experiment path is /home/anism/Bureau/Test Nbody/maqao_2021-12-05_11-57-12/tools/lprof_npsu_run_0

To display your profiling results:
#################################################################################################
#    LEVEL    |     REPORT     |                            COMMAND                             #
#################################################################################################
#  Functions  |  Cluster-wide  |  maqao lprof -df xp=/home/anism/Bureau/Test Nbody/maqao_2021-  #
#  Functions  |  Per-node      |  maqao lprof -df -dn xp=/home/anism/Bureau/Test Nbody/maqao_2  #
#  Functions  |  Per-process   |  maqao lprof -df -dp xp=/home/anism/Bureau/Test Nbody/maqao_2  #
#  Functions  |  Per-thread    |  maqao lprof -df -dt xp=/home/anism/Bureau/Test Nbody/maqao_2  #
#  Loops      |  Cluster-wide  |  maqao lprof -dl xp=/home/anism/Bureau/Test Nbody/maqao_2021-  #
#  Loops      |  Per-node      |  maqao lprof -dl -dn xp=/home/anism/Bureau/Test Nbody/maqao_2  #
#  Loops      |  Per-process   |  maqao lprof -dl -dp xp=/home/anism/Bureau/Test Nbody/maqao_2  #
#  Loops      |  Per-thread    |  maqao lprof -dl -dt xp=/home/anism/Bureau/Test Nbody/maqao_2  #
#################################################################################################

