
* Info: Selecting the 'perf-low-ppn' engine for node anism-VivoBook-ASUSLaptop-X515EA-X515EA

* Info: Process launched (host anism-VivoBook-ASUSLaptop-X515EA-X515EA, process 6473)
[1mTotal memory size:[0m 2610432 B, 2549 KiB, 2 MiB

[1m Step    Time, s Interact/s  GFLOP/s[0m
    0  1.126e+00  2.627e+09     60.4 *
    1  1.111e+00  2.663e+09     61.2 *
    2  1.115e+00  2.652e+09     61.0 *
    3  1.112e+00  2.661e+09     61.2 
    4  1.109e+00  2.667e+09     61.4 
    5  1.114e+00  2.654e+09     61.1 
    6  1.116e+00  2.649e+09     60.9 
    7  1.122e+00  2.635e+09     60.6 
    8  1.129e+00  2.620e+09     60.3 
    9  1.133e+00  2.610e+09     60.0 
-----------------------------------------------------
[1mAverage performance:      [42m      60.8 +- 0.5 GFLOP/s[0m
-----------------------------------------------------

* Info: Process finished (host anism-VivoBook-ASUSLaptop-X515EA-X515EA, process 6473)
* Info: Dumping samples (host anism-VivoBook-ASUSLaptop-X515EA-X515EA, process 6473)
* Info: Dumping source info for callchain nodes (host anism-VivoBook-ASUSLaptop-X515EA-X515EA, process 6473)
* Info: Building/writing metadata (host anism-VivoBook-ASUSLaptop-X515EA-X515EA)
* Info: Finished collect step (host anism-VivoBook-ASUSLaptop-X515EA-X515EA, process 6473)

Your experiment path is /home/anism/Bureau/nbody3D/0/maqao_2022-01-04_21-24-25/tools/lprof_npsu_run_0

To display your profiling results:
#################################################################################################
#    LEVEL    |     REPORT     |                            COMMAND                             #
#################################################################################################
#  Functions  |  Cluster-wide  |  maqao lprof -df xp=/home/anism/Bureau/nbody3D/0/maqao_2022-0  #
#  Functions  |  Per-node      |  maqao lprof -df -dn xp=/home/anism/Bureau/nbody3D/0/maqao_20  #
#  Functions  |  Per-process   |  maqao lprof -df -dp xp=/home/anism/Bureau/nbody3D/0/maqao_20  #
#  Functions  |  Per-thread    |  maqao lprof -df -dt xp=/home/anism/Bureau/nbody3D/0/maqao_20  #
#  Loops      |  Cluster-wide  |  maqao lprof -dl xp=/home/anism/Bureau/nbody3D/0/maqao_2022-0  #
#  Loops      |  Per-node      |  maqao lprof -dl -dn xp=/home/anism/Bureau/nbody3D/0/maqao_20  #
#  Loops      |  Per-process   |  maqao lprof -dl -dp xp=/home/anism/Bureau/nbody3D/0/maqao_20  #
#  Loops      |  Per-thread    |  maqao lprof -dl -dt xp=/home/anism/Bureau/nbody3D/0/maqao_20  #
#################################################################################################

