
* Info: Selecting the 'perf-low-ppn' engine for node anism-VivoBook-ASUSLaptop-X515EA-X515EA

* Info: Process launched (host anism-VivoBook-ASUSLaptop-X515EA-X515EA, process 27690)
[1mTotal memory size:[0m 786432 B, 768 KiB, 0 MiB

n= 16384 
[1m Step    Time, s Interact/s  GFLOP/s[0m
    0  5.929e-01  4.527e+08     10.4 *
    1  5.954e-01  4.509e+08     10.4 *
    2  5.911e-01  4.541e+08     10.4 *
    3  5.861e-01  4.580e+08     10.5 
    4  5.842e-01  4.595e+08     10.6 
    5  5.846e-01  4.591e+08     10.6 
    6  5.833e-01  4.602e+08     10.6 
    7  5.832e-01  4.603e+08     10.6 
    8  5.827e-01  4.607e+08     10.6 
    9  5.835e-01  4.600e+08     10.6 
-----------------------------------------------------
[1mAverage performance:      [42m      10.6 +- 0.0 GFLOP/s[0m
-----------------------------------------------------

* Info: Process finished (host anism-VivoBook-ASUSLaptop-X515EA-X515EA, process 27690)
* Info: Dumping samples (host anism-VivoBook-ASUSLaptop-X515EA-X515EA, process 27690)
* Info: Dumping source info for callchain nodes (host anism-VivoBook-ASUSLaptop-X515EA-X515EA, process 27690)
* Info: Building/writing metadata (host anism-VivoBook-ASUSLaptop-X515EA-X515EA)
* Info: Finished collect step (host anism-VivoBook-ASUSLaptop-X515EA-X515EA, process 27690)

Your experiment path is /home/anism/Bureau/Comparaison/maqao_2022-01-07_02-07-00/tools/lprof_npsu_run_0

To display your profiling results:
#################################################################################################
#    LEVEL    |     REPORT     |                            COMMAND                             #
#################################################################################################
#  Functions  |  Cluster-wide  |  maqao lprof -df xp=/home/anism/Bureau/Comparaison/maqao_2022  #
#  Functions  |  Per-node      |  maqao lprof -df -dn xp=/home/anism/Bureau/Comparaison/maqao_  #
#  Functions  |  Per-process   |  maqao lprof -df -dp xp=/home/anism/Bureau/Comparaison/maqao_  #
#  Functions  |  Per-thread    |  maqao lprof -df -dt xp=/home/anism/Bureau/Comparaison/maqao_  #
#  Loops      |  Cluster-wide  |  maqao lprof -dl xp=/home/anism/Bureau/Comparaison/maqao_2022  #
#  Loops      |  Per-node      |  maqao lprof -dl -dn xp=/home/anism/Bureau/Comparaison/maqao_  #
#  Loops      |  Per-process   |  maqao lprof -dl -dp xp=/home/anism/Bureau/Comparaison/maqao_  #
#  Loops      |  Per-thread    |  maqao lprof -dl -dt xp=/home/anism/Bureau/Comparaison/maqao_  #
#################################################################################################

