
* Info: Selecting the 'perf-low-ppn' engine for node anism-VivoBook-ASUSLaptop-X515EA-X515EA

* Info: Process launched (host anism-VivoBook-ASUSLaptop-X515EA-X515EA, process 7840)
[1mTotal memory size:[0m 786432 B, 768 KiB, 0 MiB

[1m Step    Time, s Interact/s  GFLOP/s[0m
    0  2.278e-01  1.178e+09     27.1 *
    1  2.025e-01  1.326e+09     30.5 *
    2  1.995e-01  1.345e+09     30.9 *
    3  2.091e-01  1.284e+09     29.5 
    4  1.989e-01  1.349e+09     31.0 
    5  2.025e-01  1.325e+09     30.5 
    6  1.988e-01  1.351e+09     31.1 
    7  2.006e-01  1.338e+09     30.8 
    8  2.074e-01  1.294e+09     29.8 
    9  2.023e-01  1.327e+09     30.5 
-----------------------------------------------------
[1mAverage performance:      [42m      30.5 +- 0.6 GFLOP/s[0m
-----------------------------------------------------

* Info: Process finished (host anism-VivoBook-ASUSLaptop-X515EA-X515EA, process 7840)
* Info: Dumping samples (host anism-VivoBook-ASUSLaptop-X515EA-X515EA, process 7840)
* Info: Dumping source info for callchain nodes (host anism-VivoBook-ASUSLaptop-X515EA-X515EA, process 7840)
* Info: Building/writing metadata (host anism-VivoBook-ASUSLaptop-X515EA-X515EA)
* Info: Finished collect step (host anism-VivoBook-ASUSLaptop-X515EA-X515EA, process 7840)

Your experiment path is /home/anism/Bureau/nbody3D/0/maqao_2022-01-04_21-45-53/tools/lprof_npsu_run_0

To display your profiling results:
#################################################################################################
#    LEVEL    |     REPORT     |                            COMMAND                             #
#################################################################################################
#  Functions  |  Cluster-wide  |  maqao lprof -df xp=/home/anism/Bureau/nbody3D/0/maqao_2022-0  #
#  Functions  |  Per-node      |  maqao lprof -df -dn xp=/home/anism/Bureau/nbody3D/0/maqao_20  #
#  Functions  |  Per-process   |  maqao lprof -df -dp xp=/home/anism/Bureau/nbody3D/0/maqao_20  #
#  Functions  |  Per-thread    |  maqao lprof -df -dt xp=/home/anism/Bureau/nbody3D/0/maqao_20  #
#  Loops      |  Cluster-wide  |  maqao lprof -dl xp=/home/anism/Bureau/nbody3D/0/maqao_2022-0  #
#  Loops      |  Per-node      |  maqao lprof -dl -dn xp=/home/anism/Bureau/nbody3D/0/maqao_20  #
#  Loops      |  Per-process   |  maqao lprof -dl -dp xp=/home/anism/Bureau/nbody3D/0/maqao_20  #
#  Loops      |  Per-thread    |  maqao lprof -dl -dt xp=/home/anism/Bureau/nbody3D/0/maqao_20  #
#################################################################################################

