
* Info: Selecting the 'perf-low-ppn' engine for node anism-VivoBook-ASUSLaptop-X515EA-X515EA

* Info: Process launched (host anism-VivoBook-ASUSLaptop-X515EA-X515EA, process 8932)0 11304135.000000
1 11560807.000000
2 11536274.000000
3 9179697.000000
4 8302615.000000
5 8553565.000000
6 12070471.000000
7 12072348.000000
8 12735097.000000
9 12348514.000000
10 11838726.000000
11 9251802.000000
12 9714202.000000
13 9152808.000000
14 9090153.000000
15 10161770.000000
16 13197756.000000
17 12542954.000000
18 11317783.000000
19 10399485.000000
20 8450912.000000
21 9109438.000000
22 8078870.000000
23 8499194.000000
24 9208001.000000
25 8199927.000000
26 8749462.000000
27 8903943.000000
28 9781653.000000
29 9141690.000000
30 8653722.000000
31 8861727.000000
32 8196296.000000
33 8490800.000000
34 8869055.000000
35 11801601.000000
36 11750514.000000
37 11083135.000000
38 12232985.000000
39 18899496.000000
40 21008529.000000
41 18675958.000000
42 21764319.000000
43 21795159.000000
44 21452581.000000
45 22734840.000000
46 22170273.000000
47 22975086.000000
48 22581114.000000
49 22869709.000000
50 23015538.000000
51 22302468.000000
52 23135577.000000
53 21943042.000000
54 22644586.000000
55 21988425.000000
56 21519733.000000
57 21314513.000000
58 22046691.000000
59 21265061.000000
60 20443472.000000
61 20692352.000000
62 21331483.000000
63 20889979.000000
64 20270348.000000
65 21532496.000000
66 20927332.000000
67 21340317.000000
68 21312137.000000
69 22223827.000000
70 22002959.000000
71 22879757.000000
72 21895005.000000
73 21822629.000000
74 22338891.000000
75 22232417.000000
76 21712783.000000
77 21643829.000000
78 21193417.000000
79 21089909.000000
80 21600865.000000
81 21631522.000000
82 21718409.000000
83 21220374.000000
84 20416680.000000
85 21479787.000000
86 21350253.000000
87 21838081.000000
88 20551523.000000
89 22521336.000000
90 22657104.000000
91 22706789.000000
92 21998657.000000
93 23496775.000000
94 22672206.000000
95 21528514.000000
96 21993339.000000
97 21835739.000000
98 24507181.000000
99 8987202.000000
100 9841071.000000
101 15270629.000000
102 20192198.000000
103 21385939.000000
104 22347336.000000
105 21813303.000000
106 21317028.000000
107 12279434.000000
108 8681205.000000
109 8669375.000000
110 13450606.000000
111 9970583.000000
112 10244353.000000
113 10438691.000000
114 11224882.000000
115 11700906.000000
116 10944439.000000
117 11757337.000000
118 10710460.000000
119 8279454.000000
120 9664887.000000
121 15368909.000000
122 19979680.000000
123 21939260.000000
124 22536449.000000
125 21767187.000000
126 22497860.000000
127 22853333.000000
128 8185871.000000
129 11410552.000000
130 16150251.000000
131 20308044.000000
132 21974953.000000
133 22456041.000000
134 21832829.000000
135 21810885.000000
136 22520179.000000
137 22389524.000000
138 21652441.000000
139 8576129.000000
140 11194954.000000
141 16252308.000000
142 20658123.000000
143 21982201.000000
144 22422924.000000
145 21744995.000000
146 13052884.000000
147 11715094.000000
148 8895844.000000
149 9076070.000000
150 8386669.000000
151 8144338.000000
152 8210465.000000
153 8134448.000000
154 8383257.000000
155 8100936.000000
156 8488622.000000
157 9015270.000000
158 11228519.000000
159 11702870.000000
160 10329539.000000
161 9767285.000000
162 10245147.000000
163 8963067.000000
164 8137771.000000
165 10809566.000000
166 9751421.000000
167 9880024.000000
168 10930008.000000
169 11616105.000000
170 11634901.000000
171 11594378.000000
172 11608543.000000
173 11564747.000000
174 11601409.000000
175 11569868.000000
176 11580682.000000
177 11589933.000000
178 11630227.000000
179 11631614.000000
180 11634875.000000
181 11587192.000000
182 9130561.000000
183 10322605.000000
184 17024417.000000
185 24733689.000000
186 26284084.000000
187 26196095.000000
188 26184160.000000
189 32945602.000000
190 34083260.000000
191 25137970.000000
192 25096775.000000
193 25228701.000000
194 23457920.000000
195 21414436.000000
196 20946209.000000
197 21407455.000000
198 21572679.000000
199 10165145.000000
200 24173907.000000
201 22929811.000000
202 23303653.000000
203 22001199.000000
204 22022745.000000
205 21535570.000000
206 22689246.000000
207 21743686.000000
208 21309988.000000
209 23740880.000000
210 9032611.000000
211 9491960.000000
212 15724741.000000
213 19992491.000000
214 21883127.000000
215 22451775.000000
216 22886000.000000
217 22538073.000000
218 22325247.000000
219 21562226.000000
220 22269839.000000
221 22743227.000000
222 21608815.000000
223 22264704.000000
224 22039351.000000
225 22157114.000000
226 10033303.000000
227 12272493.000000
228 22298039.000000
229 22247561.000000
230 21327792.000000
231 21585417.000000
232 22447114.000000
233 22819840.000000
234 22034198.000000
235 22336187.000000
236 21526944.000000
237 21335497.000000
238 21452296.000000
239 21378046.000000
240 22734824.000000
241 22823571.000000
242 23313885.000000
243 22742587.000000
244 22898510.000000
245 22193565.000000
246 22080717.000000
247 22359686.000000
248 22255499.000000
249 22011305.000000
250 21504810.000000
251 21758300.000000
252 11636751.000000
253 8518175.000000
254 13546531.000000
255 19561916.000000
256 20637509.000000
257 21701880.000000
258 21034922.000000
259 20643179.000000
260 22159109.000000
261 21372548.000000
262 22524738.000000
263 21933977.000000
264 21412923.000000
265 21459234.000000
266 22709310.000000
267 22817940.000000
268 23360607.000000
269 22930738.000000
270 23078044.000000
271 23026580.000000
272 22354644.000000
273 24738676.000000
274 8125957.000000
275 10995770.000000
276 16712097.000000
277 20497499.000000
278 21864902.000000
279 22084646.000000
280 23177165.000000
281 22613641.000000
282 22332256.000000
283 21489370.000000
284 21190755.000000
285 21542899.000000
286 21156815.000000
287 21079587.000000
288 21231026.000000
289 21381007.000000
290 21298936.000000
291 21304275.000000
292 21374506.000000
293 22175365.000000
294 23083727.000000
295 22164940.000000
296 22587813.000000
297 21518108.000000
298 21504845.000000
299 21409024.000000
300 21327109.000000
301 20992770.000000
302 20731977.000000
303 21252725.000000
304 21251448.000000
305 21222144.000000
306 21410969.000000
307 23155178.000000
308 23087442.000000
309 23273663.000000
310 22101924.000000
311 21561225.000000
312 22532913.000000
313 21936972.000000
314 22340344.000000
315 24048470.000000
316 8195113.000000
317 9715036.000000
318 15613074.000000
319 19393335.000000
320 22047405.000000
321 22364028.000000
322 21328829.000000
323 21442468.000000
324 21296369.000000
325 21441542.000000
326 26237055.000000
327 8080675.000000
328 11353860.000000
329 16465902.000000
330 20177510.000000
331 21939232.000000
332 22593031.000000
333 22706877.000000
334 23529390.000000
335 22276028.000000
336 22109950.000000
337 22722159.000000
338 9127700.000000
339 10033449.000000
340 15023370.000000
341 19588613.000000
342 21202743.000000
343 22372288.000000
344 22281048.000000
345 21816461.000000
346 21719039.000000
347 22185029.000000
348 22304792.000000
349 21247277.000000
350 22518495.000000
351 22219811.000000
352 21630863.000000
353 22619220.000000
354 22036805.000000
355 21539407.000000
356 21992784.000000
357 21614924.000000
358 21315337.000000
359 22314543.000000
360 22282624.000000
361 21970941.000000
362 21843787.000000
363 22220106.000000
364 22185722.000000
365 22752376.000000
366 22151097.000000
367 11755795.000000
368 9885710.000000
369 14489140.000000
370 18472228.000000
371 20999674.000000
372 22321778.000000
373 21787731.000000
374 22410394.000000
375 22644082.000000
376 22136681.000000
377 22786573.000000
378 22753982.000000
379 23248067.000000
380 21206117.000000
381 8275109.000000
382 10463412.000000
383 15676678.000000
384 16419729.000000
385 19988325.000000
386 21420993.000000
387 21423636.000000
388 21069815.000000
389 21818420.000000
390 21261583.000000
391 20906861.000000
392 21199672.000000
393 21795175.000000
394 21078398.000000
395 21127858.000000
396 21705766.000000
397 22505718.000000
398 21978575.000000
399 21435989.000000
400 21522897.000000
401 22510032.000000
402 8382404.000000
403 10826213.000000
404 16121789.000000
405 20030607.000000
406 21261096.000000
407 21106729.000000
408 25165783.000000
409 24298533.000000
410 23363035.000000
411 23116096.000000
412 22602899.000000
413 22009302.000000
414 22411116.000000
415 9821997.000000
416 10343196.000000
417 15850491.000000
418 21245986.000000
419 8774142.000000
420 10007195.000000
421 14717304.000000
422 19408960.000000
423 21459676.000000
424 22105639.000000
425 22978691.000000
426 22509839.000000
427 22477253.000000
428 21570688.000000
429 20749436.000000
430 22153564.000000
431 22381481.000000
432 21970486.000000
433 21626921.000000
434 22192945.000000
435 21496047.000000
436 21415876.000000
437 21369285.000000
438 21167242.000000
439 21205263.000000
440 21139028.000000
441 21295394.000000
442 20622533.000000
443 20464107.000000
444 20257268.000000
445 8279413.000000
446 12060527.000000
447 15974837.000000
448 19883767.000000
449 21096131.000000
450 21007517.000000
451 21898497.000000
452 21880623.000000
453 22035267.000000
454 21883010.000000
455 20868006.000000
456 21601570.000000
457 21025189.000000
458 21771625.000000
459 21706448.000000
460 22508329.000000
461 22585827.000000
462 22140187.000000
463 21811236.000000
464 22680170.000000
465 22333148.000000
466 11559021.000000
467 8195829.000000
468 13965439.000000
469 17899906.000000
470 20235003.000000
471 21210680.000000
472 22018423.000000
473 22175880.000000
474 22383045.000000
475 22341877.000000
476 22128142.000000
477 22344804.000000
478 22466593.000000
479 21599753.000000
480 21814016.000000
481 20922021.000000
482 21362215.000000
483 20517676.000000
484 20247566.000000
485 20484836.000000
486 21047199.000000
487 20654197.000000
488 21400688.000000
489 22431981.000000
490 22435453.000000
491 22228656.000000
492 22056186.000000
493 22108827.000000
494 22328099.000000
495 21168319.000000
496 20864458.000000
497 21069501.000000
498 22217228.000000
499 22568953.000000
500 22267259.000000
501 22333333.000000
502 21825155.000000
503 22584382.000000
504 22392730.000000
505 22481566.000000
506 22236759.000000
507 21163039.000000
508 23857383.000000
509 8342300.000000
510 10455460.000000
511 15927692.000000
512 19017422.000000
513 21419302.000000
514 21568495.000000
515 22068024.000000
516 21997216.000000
517 22416973.000000
518 22737379.000000
519 21681482.000000
520 21320191.000000
521 20671550.000000
522 21206210.000000
523 20577702.000000
524 22120088.000000
525 22132250.000000
526 11379521.000000
527 11944271.000000
528 17121585.000000
529 20574538.000000
530 11577469.000000
531 10125415.000000
532 15408253.000000
533 19316586.000000
534 21706613.000000
535 22265818.000000
536 21423258.000000
537 22993441.000000
538 21906264.000000
539 22418206.000000
540 21777862.000000
541 22178024.000000
542 22849720.000000
543 22197593.000000
544 21707510.000000
545 22345128.000000
546 22996766.000000
547 23015325.000000
548 22225915.000000
549 22620292.000000
550 22878031.000000
551 22242548.000000
552 22155673.000000
553 21417929.000000
554 21809464.000000
555 21578679.000000
556 21533793.000000
557 21192400.000000
558 23069834.000000
559 22256459.000000
560 23209690.000000
561 22027125.000000
562 21537844.000000
563 21885223.000000
564 21179846.000000
565 21267530.000000
566 21481273.000000
567 21945633.000000
568 21378814.000000
569 21293173.000000
570 21352065.000000
571 21127113.000000
572 11609892.000000
573 8533468.000000
574 14615636.000000
575 18937113.000000
576 21149960.000000
577 22142632.000000
578 21209247.000000
579 22163014.000000
580 22762882.000000
581 22561310.000000
582 22475642.000000
583 22311941.000000
584 22759579.000000
585 22931697.000000
586 22592830.000000
587 21639614.000000
588 21799352.000000
589 9663503.000000
590 10079294.000000
591 15702620.000000
592 19448183.000000
593 20965201.000000
594 10448914.000000
595 11427127.000000
596 16946986.000000
597 20919473.000000
598 19144835.000000
599 12738897.000000
600 8186657.000000
601 11946097.000000
602 11745828.000000
603 8159493.000000
604 9021088.000000
605 13032983.000000
606 17672697.000000
607 20751151.000000
608 21932615.000000
609 21931539.000000
610 22209994.000000
611 22414358.000000
612 22081463.000000
613 21143073.000000
614 24805384.000000
615 11504781.000000
616 8447249.000000
617 9332255.000000
618 15007198.000000
619 19207524.000000
620 21456408.000000
621 11821621.000000
622 17433511.000000
623 20774163.000000
624 21447297.000000
625 21287862.000000
626 21715203.000000
627 22362584.000000
628 22938547.000000
629 21733351.000000
630 21359717.000000
631 21628995.000000
632 21218888.000000
633 21064155.000000
634 21883125.000000
635 21979257.000000
636 22735608.000000
637 23606456.000000
638 9274817.000000
639 13464992.000000
640 18567655.000000
641 20745318.000000
642 22517576.000000
643 22537616.000000
644 21954278.000000
645 10444522.000000
646 8292446.000000
647 8156234.000000
648 12983391.000000
649 11055203.000000
650 11331001.000000
651 15272836.000000
652 9430005.000000
653 9590687.000000
654 14776502.000000
655 18459740.000000
656 21088767.000000
657 18463227.000000
658 20606001.000000
659 22054246.000000
660 22690468.000000
661 23092902.000000
662 21349899.000000
663 21902166.000000
664 21177385.000000
665 21983214.000000
666 22997610.000000
667 21944353.000000
668 10541075.000000
669 9204436.000000
670 9153809.000000
671 13816195.000000
672 18091755.000000
673 20970690.000000
674 21629694.000000
675 21563937.000000
676 21105717.000000
677 20957826.000000
678 20545135.000000
679 21091798.000000
680 21303261.000000
681 22732693.000000
682 11037149.000000
683 12809922.000000
684 11635882.000000
685 9186666.000000
686 8254144.000000
687 14195347.000000
688 18685093.000000
689 21645992.000000
690 21841822.000000
691 21354919.000000
692 21405132.000000
693 21734939.000000
694 22988936.000000
695 22719034.000000
696 22727179.000000
697 22662270.000000
698 22240160.000000
699 23311778.000000
700 21981245.000000
701 23074839.000000
702 23031928.000000
703 22807624.000000
704 22545164.000000
705 22383499.000000
706 22175953.000000
707 22713107.000000
708 21906990.000000
709 22063586.000000
710 22016394.000000
711 22697362.000000
712 22192271.000000
713 22456450.000000
714 11646996.000000
715 8618355.000000
716 13714086.000000
717 12707846.000000
718 17417074.000000
719 20676149.000000
720 21346968.000000
721 22745352.000000
722 22056729.000000
723 22329783.000000
724 21815276.000000
725 22382648.000000
726 22942092.000000
727 23278017.000000
728 22050341.000000
729 19596855.000000
730 21550001.000000
731 22128419.000000
732 22336884.000000
733 21961568.000000
734 22522236.000000
735 22275431.000000
736 21556039.000000
737 22014104.000000
738 22782883.000000
739 23141584.000000
740 22025999.000000
741 22859930.000000
742 23055100.000000
743 21723347.000000
744 21339305.000000
745 21430553.000000
746 8281043.000000
747 11531719.000000
748 17503282.000000
749 21129879.000000
750 21551820.000000
751 15211343.000000
752 9766602.000000
753 10201781.000000
754 15601549.000000
755 17804731.000000
756 21922492.000000
757 22608152.000000
758 8673255.000000
759 11893933.000000
760 17146489.000000
761 20039989.000000
762 21781917.000000
763 22221608.000000
764 22480426.000000
765 22290686.000000
766 22786275.000000
767 23313973.000000
768 22311247.000000
769 22122406.000000
770 21432336.000000
771 22336646.000000
772 22167127.000000
773 23177775.000000
774 10885868.000000
775 9766193.000000
776 14194105.000000
777 19177316.000000
778 21888913.000000
779 22562370.000000
780 23060935.000000
781 22833434.000000
782 22566082.000000
783 22431000.000000
784 22013464.000000
785 21429043.000000
786 21363328.000000
787 21333686.000000
788 21997584.000000
789 21902173.000000
790 21266105.000000
791 22917180.000000
792 22364658.000000
793 23000938.000000
794 22758904.000000
795 22961569.000000
796 22940859.000000
797 22851027.000000
798 22976634.000000
799 22865720.000000
800 23114287.000000
801 21935312.000000
802 21691516.000000
803 21344428.000000
804 21362782.000000
805 23094338.000000
806 23396284.000000
807 22868073.000000
808 23121800.000000
809 22315870.000000
810 21534557.000000
811 8255973.000000
812 10980821.000000
813 16606865.000000
814 20116939.000000
815 21853268.000000
816 22683589.000000
817 22720735.000000
818 22404084.000000
819 23348726.000000
820 22090806.000000
821 22236150.000000
822 21458475.000000
823 23038753.000000
824 22228306.000000
825 23362983.000000
826 22268169.000000
827 22524075.000000
828 22103829.000000
829 22913226.000000
830 23077284.000000
831 22886117.000000
832 23438255.000000
833 22412716.000000
834 23181726.000000
835 22834344.000000
836 23156676.000000
837 22248807.000000
838 22173976.000000
839 22818596.000000
840 21993948.000000
841 21693759.000000
842 21486204.000000
843 22067630.000000
844 22751110.000000
845 22991933.000000
846 22081492.000000
847 21893819.000000
848 22333685.000000
849 21637207.000000
850 15572520.000000
851 10842534.000000
852 11608390.000000
853 11620480.000000
854 9103329.000000
855 12539421.000000
856 17389988.000000
857 20229786.000000
858 22060192.000000
859 22381687.000000
860 22727391.000000
861 21764043.000000
862 22166115.000000
863 21927658.000000
864 22807304.000000
865 22617427.000000
866 23040364.000000
867 22618945.000000
868 22958293.000000
869 23432535.000000
870 22923222.000000
871 23012726.000000
872 22966337.000000
873 22872054.000000
874 23555277.000000
875 22462581.000000
876 23180476.000000
877 22835448.000000
878 22115189.000000
879 22536175.000000
880 22108852.000000
881 22974525.000000
882 22903193.000000
883 23614448.000000
884 9510917.000000
885 10148131.000000
886 15793151.000000
887 19480100.000000
888 22062779.000000
889 22616334.000000
890 22524536.000000
891 22420658.000000
892 20601593.000000
893 22282021.000000
894 21727120.000000
895 21976349.000000
896 21648236.000000
897 22452383.000000
898 22876574.000000
899 23336446.000000
900 22855283.000000
901 22914291.000000
902 23063007.000000
903 21895250.000000
904 21625614.000000
905 22339233.000000
906 22262289.000000
907 21690424.000000
908 21366399.000000
909 22861127.000000
910 22868984.000000
911 23119921.000000
912 23114805.000000
913 22880669.000000
914 22751680.000000
915 12627575.000000
916 10463587.000000
917 8615405.000000
918 12834724.000000
919 17663304.000000
920 20992502.000000
921 22609883.000000
922 22892727.000000
923 22973875.000000
924 22890201.000000
925 22780243.000000
926 22700274.000000
927 22507612.000000
928 22307593.000000
929 21981157.000000
930 22342897.000000
931 21511300.000000
932 22213127.000000
933 22865014.000000
934 23441321.000000
935 22546405.000000
936 22333923.000000
937 22818402.000000
938 22848158.000000
939 22537490.000000
940 22029427.000000
941 21326868.000000
942 21366614.000000
943 21471355.000000
944 21353449.000000
945 22251562.000000
946 21735242.000000
947 11590149.000000
948 10109829.000000
949 14842518.000000
950 19513376.000000
951 22096020.000000
952 22144437.000000
953 21256190.000000
954 21930215.000000
955 22823491.000000
956 22985412.000000
957 22270838.000000
958 23122823.000000
959 23090391.000000
960 22215970.000000
961 21740798.000000
962 23093136.000000
963 22801777.000000
964 23025910.000000
965 23123353.000000
966 22898638.000000
967 23752953.000000
968 22180731.000000
969 8596553.000000
970 21477506.000000
971 19711992.000000
972 20715566.000000
973 21480519.000000
974 22234183.000000
975 22939930.000000
976 22432910.000000
977 21991629.000000
978 21133228.000000
979 8296297.000000
980 11217492.000000
981 18195154.000000
982 20636821.000000
983 22224004.000000
984 21863916.000000
985 21762822.000000
986 22433093.000000
987 22620034.000000
988 23064151.000000
989 21547975.000000
990 22360472.000000
991 22799533.000000
992 23543389.000000
993 13220834.000000
994 9070460.000000
995 9855225.000000
996 15267579.000000
997 19633206.000000
998 21594563.000000
999 26531359.000000

* Info: Process finished (host anism-VivoBook-ASUSLaptop-X515EA-X515EA, process 8932)
* Info: Callchains info will be incomplete
* Info: Try to recompile your application with -fno-omit-frame-pointer or to rerun with btm=stack
* Info: Dumping samples (host anism-VivoBook-ASUSLaptop-X515EA-X515EA, process 8932)
* Info: Dumping source info for callchain nodes (host anism-VivoBook-ASUSLaptop-X515EA-X515EA, process 8932)
* Info: Building/writing metadata (host anism-VivoBook-ASUSLaptop-X515EA-X515EA)
* Info: Finished collect step (host anism-VivoBook-ASUSLaptop-X515EA-X515EA, process 8932)

Your experiment path is /home/anism/Bureau/Test Nbody Version Scalaire /maqao_2021-12-05_22-41-03/tools/lprof_npsu_run_0

To display your profiling results:
#################################################################################################
#    LEVEL    |     REPORT     |                            COMMAND                             #
#################################################################################################
#  Functions  |  Cluster-wide  |  maqao lprof -df xp=/home/anism/Bureau/Test Nbody Version Sca  #
#  Functions  |  Per-node      |  maqao lprof -df -dn xp=/home/anism/Bureau/Test Nbody Version  #
#  Functions  |  Per-process   |  maqao lprof -df -dp xp=/home/anism/Bureau/Test Nbody Version  #
#  Functions  |  Per-thread    |  maqao lprof -df -dt xp=/home/anism/Bureau/Test Nbody Version  #
#  Loops      |  Cluster-wide  |  maqao lprof -dl xp=/home/anism/Bureau/Test Nbody Version Sca  #
#  Loops      |  Per-node      |  maqao lprof -dl -dn xp=/home/anism/Bureau/Test Nbody Version  #
#  Loops      |  Per-process   |  maqao lprof -dl -dp xp=/home/anism/Bureau/Test Nbody Version  #
#  Loops      |  Per-thread    |  maqao lprof -dl -dt xp=/home/anism/Bureau/Test Nbody Version  #
#################################################################################################

