
* Info: Process launched (host madjid-Inspiron-3543, process 5851)0 5122058.000000
1 5486238.000000
2 5237705.000000
3 5700033.000000
4 5271042.000000
5 8991397.000000
6 5166508.000000
7 7269760.000000
8 6688466.000000
9 5170425.000000
10 5284370.000000
11 5575122.000000
12 5058868.000000
13 5522343.000000
14 5142702.000000
15 5685963.000000
16 5109905.000000
17 5411644.000000
18 5056999.000000
19 5336630.000000
20 5311777.000000
21 5376970.000000
22 5041396.000000
23 5254711.000000
24 5033770.000000
25 5238018.000000
26 5095543.000000
27 5431284.000000
28 5105232.000000
29 5065468.000000
30 5490399.000000
31 5072323.000000
32 5316654.000000
33 5285647.000000
34 6117001.000000
35 5210586.000000
36 7214453.000000
37 5064224.000000
38 7126146.000000
39 7165823.000000
40 5466941.000000
41 5509883.000000
42 7714059.000000
43 6011380.000000
44 5072848.000000
45 5924157.000000
46 5439474.000000
47 5889133.000000
48 5349411.000000
49 5722567.000000
50 5320146.000000
51 5148755.000000
52 5767999.000000
53 5709728.000000
54 5346409.000000
55 5042791.000000
56 5372798.000000
57 5111762.000000
58 5491697.000000
59 5466241.000000
60 5912747.000000
61 5485862.000000
62 5792224.000000
63 5512065.000000
64 5628186.000000
65 5203640.000000
66 5623021.000000
67 5411733.000000
68 5744482.000000
69 5403070.000000
70 5606252.000000
71 5340295.000000
72 5669330.000000
73 5455973.000000
74 5624347.000000
75 5376078.000000
76 5669640.000000
77 5343885.000000
78 5581937.000000
79 5324061.000000
80 5648031.000000
81 5392327.000000
82 5561075.000000
83 5374806.000000
84 5641452.000000
85 5390318.000000
86 5688199.000000
87 5438807.000000
88 5586732.000000
89 5371362.000000
90 5699736.000000
91 5425200.000000
92 5723150.000000
93 5435365.000000
94 6034321.000000
95 5104164.000000
96 5648126.000000
97 5413311.000000
98 5645834.000000
99 5756900.000000
100 5875265.000000
101 5497891.000000
102 5700070.000000
103 5422466.000000
104 5585366.000000
105 5471606.000000
106 5764361.000000
107 5388598.000000
108 5664815.000000
109 5397258.000000
110 5681004.000000
111 5411150.000000
112 5721781.000000
113 5395668.000000
114 6058621.000000
115 5516341.000000
116 5612437.000000
117 5385133.000000
118 5319336.000000
119 5416318.000000
120 5627934.000000
121 5417702.000000
122 5599443.000000
123 5354451.000000
124 5561281.000000
125 5470226.000000
126 8370776.000000
127 5613186.000000
128 5435071.000000
129 5696407.000000
130 5428799.000000
131 5684484.000000
132 5440451.000000
133 5776405.000000
134 5383030.000000
135 5585053.000000
136 5369065.000000
137 5733100.000000
138 6144524.000000
139 5769468.000000
140 6213459.000000
141 5402345.000000
142 5494307.000000
143 5680092.000000
144 6314992.000000
145 14847043.000000
146 5155829.000000
147 5286230.000000
148 5125539.000000
149 5703923.000000
150 5468918.000000
151 5425947.000000
152 5035238.000000
153 5090667.000000
154 5305598.000000
155 5218066.000000
156 5732760.000000
157 5442997.000000
158 5624365.000000
159 5048014.000000
160 5274902.000000
161 5060740.000000
162 5449385.000000
163 5476805.000000
164 5626603.000000
165 4995545.000000
166 5145515.000000
167 5035363.000000
168 5244652.000000
169 5328795.000000
170 5406104.000000
171 5098095.000000
172 5275254.000000
173 5061918.000000
174 5034540.000000
175 5044497.000000
176 4767227.000000
177 5354424.000000
178 4976813.000000
179 4946170.000000
180 4750027.000000
181 4868005.000000
182 4729614.000000
183 4660696.000000
184 5289610.000000
185 5120753.000000
186 5443725.000000
187 5870987.000000
188 5639340.000000
189 5786486.000000
190 5469785.000000
191 5917885.000000
192 5118575.000000
193 5846495.000000
194 5398584.000000
195 5269216.000000
196 4761974.000000
197 5244949.000000
198 5146950.000000
199 5330992.000000
200 5188483.000000
201 5439538.000000
202 4947654.000000
203 6231009.000000
204 7125580.000000
205 7611762.000000
206 7090350.000000
207 5051673.000000
208 4660850.000000
209 4958487.000000
210 5056040.000000
211 5436409.000000
212 4829021.000000
213 4941980.000000
214 4723109.000000
215 4911010.000000
216 4720553.000000
217 4871986.000000
218 5427989.000000
219 4965358.000000
220 5422830.000000
221 4731642.000000
222 5319879.000000
223 4757820.000000
224 5169278.000000
225 5145008.000000
226 5269437.000000
227 4661539.000000
228 4752328.000000
229 4908864.000000
230 4721437.000000
231 5162550.000000
232 4987740.000000
233 5459884.000000
234 4753879.000000
235 5332757.000000
236 4660013.000000
237 5275191.000000
238 4776549.000000
239 5158220.000000
240 5511349.000000
241 4795114.000000
242 5029206.000000
243 4661230.000000
244 5169566.000000
245 4726568.000000
246 5200345.000000
247 5224469.000000
248 5244075.000000
249 4766823.000000
250 4666376.000000
251 4916420.000000
252 5101135.000000
253 5710704.000000
254 5153969.000000
255 5146671.000000
256 4938229.000000
257 4997611.000000
258 5017854.000000
259 5715181.000000
260 5205570.000000
261 5935840.000000
262 5428766.000000
263 5447060.000000
264 4987154.000000
265 5088473.000000
266 5488624.000000
267 5203264.000000
268 5391663.000000
269 5205039.000000
270 5057436.000000
271 4745925.000000
272 5490075.000000
273 5352381.000000
274 5563209.000000
275 5096805.000000
276 6294880.000000
277 4823696.000000
278 4872433.000000
279 5214704.000000
280 5811629.000000
281 4913759.000000
282 5656139.000000
283 7528292.000000
284 5768348.000000
285 5040719.000000
286 5157552.000000
287 4747785.000000
288 5432695.000000
289 5075740.000000
290 4822406.000000
291 5493676.000000
292 5113568.000000
293 5233427.000000
294 4735762.000000
295 5574651.000000
296 5079906.000000
297 5099985.000000
298 4808620.000000
299 5550166.000000
300 5069200.000000
301 4963949.000000
302 5231939.000000
303 5400906.000000
304 4741726.000000
305 4745609.000000
306 4936587.000000
307 4748720.000000
308 4844139.000000
309 4914500.000000
310 5386529.000000
311 5003431.000000
312 4661873.000000
313 5351420.000000
314 4800971.000000
315 4928401.000000
316 4933374.000000
317 5377611.000000
318 5051813.000000
319 4926908.000000
320 4987889.000000
321 5004505.000000
322 4661918.000000
323 4994200.000000
324 5684026.000000
325 5526540.000000
326 5573092.000000
327 5367117.000000
328 5308236.000000
329 4939279.000000
330 5541405.000000
331 5515685.000000
332 6199230.000000
333 5379613.000000
334 7108374.000000
335 5092487.000000
336 5873148.000000
337 5339834.000000
338 5638742.000000
339 5152018.000000
340 5219010.000000
341 5443695.000000
342 5378069.000000
343 4998267.000000
344 5921608.000000
345 5968679.000000
346 5378250.000000
347 4830232.000000
348 5461711.000000
349 5041951.000000
350 5236076.000000
351 5382107.000000
352 5747104.000000
353 5083001.000000
354 5415168.000000
355 5221298.000000
356 5588231.000000
357 5344085.000000
358 6416699.000000
359 5536620.000000
360 6043664.000000
361 5438704.000000
362 6181454.000000
363 5769265.000000
364 6104248.000000
365 5692720.000000
366 5958926.000000
367 5140815.000000
368 5455733.000000
369 5438000.000000
370 5741876.000000
371 5137798.000000
372 5201240.000000
373 7381728.000000
374 6124481.000000
375 5218284.000000
376 6353491.000000
377 5430107.000000
378 6010816.000000
379 5188671.000000
380 5509292.000000
381 5027464.000000
382 5197249.000000
383 5507328.000000
384 6308790.000000
385 5271048.000000
386 5477955.000000
387 5229873.000000
388 5286873.000000
389 4857339.000000
390 5830097.000000
391 5293421.000000
392 6005754.000000
393 4884173.000000
394 5033928.000000
395 5312657.000000
396 5167290.000000
397 5887164.000000
398 5352727.000000
399 5491285.000000
400 4767976.000000
401 5655818.000000
402 4957258.000000
403 5391848.000000
404 6527316.000000
405 9395148.000000
406 6781066.000000
407 5052372.000000
408 5600141.000000
409 5175493.000000
410 5388814.000000
411 5019574.000000
412 5133088.000000
413 4741880.000000
414 4720596.000000
415 5313592.000000
416 5352181.000000
417 5456983.000000
418 5236124.000000
419 5499793.000000
420 5061229.000000
421 5899101.000000
422 4867316.000000
423 5569814.000000
424 5380414.000000
425 5318832.000000
426 4728210.000000
427 4898963.000000
428 4911899.000000
429 4876811.000000
430 5273382.000000
431 5452255.000000
432 5529741.000000
433 4888771.000000
434 5238831.000000
435 5184426.000000
436 5359707.000000
437 5327878.000000
438 5268912.000000
439 6000896.000000
440 4951113.000000
441 5503100.000000
442 5073497.000000
443 5710214.000000
444 5933021.000000
445 6677920.000000
446 5975434.000000
447 5454610.000000
448 5971787.000000
449 5300337.000000
450 5960258.000000
451 5361776.000000
452 6342584.000000
453 5218431.000000
454 5464879.000000
455 5124115.000000
456 7140997.000000
457 5510730.000000
458 6402292.000000
459 5129441.000000
460 5476024.000000
461 5010575.000000
462 5457678.000000
463 5461016.000000
464 6936930.000000
465 5214540.000000
466 5368276.000000
467 5113786.000000
468 5423610.000000
469 5440336.000000
470 6121374.000000
471 5363233.000000
472 6685609.000000
473 5781709.000000
474 5421367.000000
475 5283132.000000
476 5809118.000000
477 5365834.000000
478 5486081.000000
479 4910822.000000
480 5799060.000000
481 5266818.000000
482 5488154.000000
483 5703541.000000
484 5783952.000000
485 5089611.000000
486 5252963.000000
487 5042892.000000
488 5758954.000000
489 5390704.000000
490 5715961.000000
491 5313061.000000
492 4877694.000000
493 5671168.000000
494 5147916.000000
495 5788695.000000
496 5406271.000000
497 5663813.000000
498 5185248.000000
499 5281168.000000
500 5221732.000000
501 5571356.000000
502 5376512.000000
503 6666475.000000
504 6837992.000000
505 5333518.000000
506 4948213.000000
507 5462464.000000
508 4996079.000000
509 9405674.000000
510 5851951.000000
511 6447001.000000
512 7346796.000000
513 7031705.000000
514 5610256.000000
515 6262490.000000
516 5448936.000000
517 5032468.000000
518 5233163.000000
519 5952293.000000
520 5545407.000000
521 7398925.000000
522 5311665.000000
523 5015344.000000
524 4985264.000000
525 5506630.000000
526 4958530.000000
527 5534323.000000
528 5064336.000000
529 5938586.000000
530 6411664.000000
531 5954844.000000
532 4740071.000000
533 5379634.000000
534 5308442.000000
535 5325399.000000
536 4662240.000000
537 4858759.000000
538 5035041.000000
539 4732145.000000
540 5167238.000000
541 5291176.000000
542 5496774.000000
543 4692138.000000
544 5208235.000000
545 5004153.000000
546 5426511.000000
547 5075139.000000
548 5799767.000000
549 5375161.000000
550 5522944.000000
551 5129957.000000
552 4801092.000000
553 4933107.000000
554 4959037.000000
555 5579343.000000
556 5000066.000000
557 5486090.000000
558 4772510.000000
559 5628823.000000
560 5190265.000000
561 5955564.000000
562 5185606.000000
563 5334299.000000
564 4981121.000000
565 5266456.000000
566 5125211.000000
567 5711546.000000
568 5149882.000000
569 5635723.000000
570 4829971.000000
571 5041483.000000
572 5296038.000000
573 5105329.000000
574 5803989.000000
575 5103096.000000
576 5496176.000000
577 5207385.000000
578 5849994.000000
579 4930682.000000
580 5517870.000000
581 5167621.000000
582 5433244.000000
583 5033876.000000
584 5632950.000000
585 4913468.000000
586 5115592.000000
587 5129911.000000
588 4855173.000000
589 5302938.000000
590 5117843.000000
591 5679869.000000
592 4954379.000000
593 5096089.000000
594 5117516.000000
595 5106834.000000
596 5057606.000000
597 5712335.000000
598 5002663.000000
599 5096238.000000
600 4796182.000000
601 5564365.000000
602 4820063.000000
603 4936060.000000
604 5704063.000000
605 5443107.000000
606 5201252.000000
607 4694976.000000
608 5352488.000000
609 4840877.000000
610 5153963.000000
611 5209903.000000
612 5484144.000000
613 5175504.000000
614 4976809.000000
615 5092135.000000
616 5003273.000000
617 5246994.000000
618 5119864.000000
619 5465635.000000
620 4767610.000000
621 5019177.000000
622 5000233.000000
623 5254698.000000
624 4746019.000000
625 5565284.000000
626 5157404.000000
627 5377474.000000
628 4909704.000000
629 4661427.000000
630 5105505.000000
631 4661011.000000
632 5487546.000000
633 5185549.000000
634 5652328.000000
635 4946143.000000
636 6017073.000000
637 4878405.000000
638 5075494.000000
639 5264430.000000
640 5645679.000000
641 5531058.000000
642 23862259.000000
643 5633535.000000
644 5333422.000000
645 5999315.000000
646 5201201.000000
647 5343997.000000
648 4754816.000000
649 5266998.000000
650 5060452.000000
651 5484582.000000
652 5076344.000000
653 5525693.000000
654 4730686.000000
655 4717674.000000
656 5281766.000000
657 5064145.000000
658 5108752.000000
659 4660945.000000
660 4921333.000000
661 4661457.000000
662 4942984.000000
663 4957258.000000
664 5083013.000000
665 5433299.000000
666 4669477.000000
667 5024773.000000
668 4724854.000000
669 5128452.000000
670 4801924.000000
671 5521244.000000
672 5076933.000000
673 4669857.000000
674 5454807.000000
675 4725248.000000
676 5203746.000000
677 4729912.000000
678 5299493.000000
679 5151799.000000
680 4996230.000000
681 4728331.000000
682 5006226.000000
683 4851759.000000
684 4743479.000000
685 5362884.000000
686 5162566.000000
687 5080586.000000
688 4748886.000000
689 5382293.000000
690 4809246.000000
691 4966065.000000
692 4860856.000000
693 5451039.000000
694 4908513.000000
695 4750250.000000
696 5390810.000000
697 4820537.000000
698 5303119.000000
699 4816786.000000
700 5492972.000000
701 5013451.000000
702 4952579.000000
703 4722972.000000
704 5531529.000000
705 5372127.000000
706 4685751.000000
707 5829687.000000
708 5121112.000000
709 5601931.000000
710 5051916.000000
711 5627463.000000
712 4778931.000000
713 5035891.000000
714 5132630.000000
715 5615447.000000
716 4890998.000000
717 5464730.000000
718 5106807.000000
719 5284518.000000
720 5241596.000000
721 5417079.000000
722 5102537.000000
723 4712627.000000
724 5360040.000000
725 5286251.000000
726 5017660.000000
727 5214116.000000
728 5442740.000000
729 5130721.000000
730 5422815.000000
731 4838322.000000
732 5186004.000000
733 5193721.000000
734 5685665.000000
735 5305347.000000
736 5405463.000000
737 5049637.000000
738 4975969.000000
739 5245625.000000
740 5335243.000000
741 5850043.000000
742 5125111.000000
743 5419850.000000
744 4825747.000000
745 5134916.000000
746 5041132.000000
747 5758447.000000
748 4908315.000000
749 5494056.000000
750 5051743.000000
751 6554852.000000
752 5863429.000000
753 5057299.000000
754 4977853.000000
755 5393251.000000
756 5071998.000000
757 5456949.000000
758 4732210.000000
759 4661071.000000
760 5320583.000000
761 4670591.000000
762 5180812.000000
763 5129942.000000
764 5304537.000000
765 4740181.000000
766 5262124.000000
767 4910251.000000
768 5251230.000000
769 4752550.000000
770 5519023.000000
771 5045504.000000
772 4734852.000000
773 5246123.000000
774 4979868.000000
775 5551586.000000
776 5339679.000000
777 6441691.000000
778 5119652.000000
779 5220515.000000
780 4685754.000000
781 5528025.000000
782 5223808.000000
783 5327578.000000
784 5340868.000000
785 5584947.000000
786 4750043.000000
787 5238661.000000
788 5003446.000000
789 5016292.000000
790 4994589.000000
791 5275824.000000
792 5502601.000000
793 4836999.000000
794 5213299.000000
795 5032495.000000
796 5197613.000000
797 4661065.000000
798 5593335.000000
799 5106776.000000
800 5400138.000000
801 4916533.000000
802 4960284.000000
803 5214570.000000
804 4812153.000000
805 5578566.000000
806 5157804.000000
807 5118338.000000
808 4906731.000000
809 5286045.000000
810 5191861.000000
811 5022242.000000
812 5167284.000000
813 5396500.000000
814 4661178.000000
815 4807859.000000
816 4981134.000000
817 4894060.000000
818 5040537.000000
819 4842728.000000
820 5403731.000000
821 4917820.000000
822 5144325.000000
823 4727909.000000
824 5127205.000000
825 5063772.000000
826 4825341.000000
827 5368838.000000
828 4973563.000000
829 5153186.000000
830 4726210.000000
831 5301994.000000
832 4788675.000000
833 4893974.000000
834 5216941.000000
835 5044102.000000
836 5015721.000000
837 4881151.000000
838 5044706.000000
839 5034010.000000
840 4951083.000000
841 5160644.000000
842 5390589.000000
843 4772455.000000
844 5182071.000000
845 4799669.000000
846 5071877.000000
847 4957893.000000
848 4979898.000000
849 5431096.000000
850 4935295.000000
851 5076462.000000
852 4660446.000000
853 5411363.000000
854 4734500.000000
855 4757665.000000
856 5810491.000000
857 5453782.000000
858 5301873.000000
859 4670694.000000
860 7494099.000000
861 6699216.000000
862 5248304.000000
863 5677156.000000
864 5056286.000000
865 5339100.000000
866 5169863.000000
867 4827413.000000
868 5184939.000000
869 5197159.000000
870 5371899.000000
871 4826050.000000
872 5217848.000000
873 4751095.000000
874 4944183.000000
875 4661160.000000
876 5271188.000000
877 5021223.000000
878 5053415.000000
879 5032705.000000
880 4725400.000000
881 4949381.000000
882 4660987.000000
883 5449485.000000
884 5368331.000000
885 5670875.000000
886 4740991.000000
887 4871701.000000
888 4741638.000000
889 4661002.000000
890 5160642.000000
891 5000527.000000
892 5441681.000000
893 4777083.000000
894 5033248.000000
895 4748380.000000
896 4861229.000000
897 4758194.000000
898 4880083.000000
899 5678029.000000
900 4783851.000000
901 5318259.000000
902 4731948.000000
903 5174928.000000
904 5592891.000000
905 6583770.000000
906 5053539.000000
907 5032601.000000
908 4661424.000000
909 4947536.000000
910 4661318.000000
911 4720572.000000
912 5059165.000000
913 5121403.000000
914 5186514.000000
915 4658948.000000
916 4895395.000000
917 4660987.000000
918 4741601.000000
919 4914755.000000
920 5118575.000000
921 5265456.000000
922 4660877.000000
923 4912913.000000
924 4660892.000000
925 4891593.000000
926 4660841.000000
927 4886889.000000
928 5283444.000000
929 4884191.000000
930 5026618.000000
931 4660905.000000
932 4875103.000000
933 4661244.000000
934 4733994.000000
935 5264354.000000
936 5009655.000000
937 4955774.000000
938 4745315.000000
939 4903266.000000
940 4877394.000000
941 5411676.000000
942 5156515.000000
943 5353517.000000
944 4790089.000000
945 4917328.000000
946 5183388.000000
947 4958685.000000
948 5083429.000000
949 4833855.000000
950 5590049.000000
951 5155313.000000
952 5386565.000000
953 4801129.000000
954 5420953.000000
955 4805222.000000
956 4946128.000000
957 5242014.000000
958 5103502.000000
959 5411117.000000
960 4761224.000000
961 5186353.000000
962 4735502.000000
963 5233275.000000
964 5168337.000000
965 5416227.000000
966 4764854.000000
967 5006198.000000
968 4939552.000000
969 4735911.000000
970 5213393.000000
971 5086840.000000
972 5466685.000000
973 4709724.000000
974 5264387.000000
975 4940126.000000
976 5054135.000000
977 4762575.000000
978 5361012.000000
979 5173857.000000
980 4860568.000000
981 5061077.000000
982 4832086.000000
983 5578217.000000
984 4733608.000000
985 5177547.000000
986 5131268.000000
987 5930479.000000
988 7703316.000000
989 7854435.000000
990 6205833.000000
991 5409891.000000
992 5405755.000000
993 4729617.000000
994 4795717.000000
995 5351240.000000
996 4661743.000000
997 5005064.000000
998 5227558.000000
999 5347833.000000

* Info: Process finished (host madjid-Inspiron-3543, process 5851)
* Info: Dumping samples (host madjid-Inspiron-3543, process 5851)
* Info: Dumping source info for callchain nodes (host madjid-Inspiron-3543, process 5851)
* Info: Building/writing metadata (host madjid-Inspiron-3543)
* Info: Finished collect step (host madjid-Inspiron-3543, process 5851)

Your experiment path is /home/madjid/Bureau/CHPS/Archi_Paralelle/TP2/todo/2/tools/lprof_npsu_run_0

To display your profiling results:
#################################################################################################
#    LEVEL    |     REPORT     |                            COMMAND                             #
#################################################################################################
#  Functions  |  Cluster-wide  |  maqao lprof -df xp=/home/madjid/Bureau/CHPS/Archi_Paralelle/  #
#  Functions  |  Per-node      |  maqao lprof -df -dn xp=/home/madjid/Bureau/CHPS/Archi_Parale  #
#  Functions  |  Per-process   |  maqao lprof -df -dp xp=/home/madjid/Bureau/CHPS/Archi_Parale  #
#  Functions  |  Per-thread    |  maqao lprof -df -dt xp=/home/madjid/Bureau/CHPS/Archi_Parale  #
#  Loops      |  Cluster-wide  |  maqao lprof -dl xp=/home/madjid/Bureau/CHPS/Archi_Paralelle/  #
#  Loops      |  Per-node      |  maqao lprof -dl -dn xp=/home/madjid/Bureau/CHPS/Archi_Parale  #
#  Loops      |  Per-process   |  maqao lprof -dl -dp xp=/home/madjid/Bureau/CHPS/Archi_Parale  #
#  Loops      |  Per-thread    |  maqao lprof -dl -dt xp=/home/madjid/Bureau/CHPS/Archi_Parale  #
#################################################################################################

