
* Info: Selecting the 'perf-low-ppn' engine for node madjid-Inspiron-3543

* Info: Process launched (host madjid-Inspiron-3543, process 16257)0 16710331.000000
1 20178433.000000
2 20422919.000000
3 16542537.000000
4 19231729.000000
5 20148997.000000
6 17515993.000000
7 18038262.000000
8 17948271.000000
9 16694513.000000
10 18033279.000000
11 19724474.000000
12 16189250.000000
13 18439630.000000
14 16279098.000000
15 16942717.000000
16 18193109.000000
17 18158195.000000
18 17879543.000000
19 17686614.000000
20 18597238.000000
21 16595447.000000
22 18450663.000000
23 18081041.000000
24 17254270.000000
25 18941791.000000
26 17988234.000000
27 16129003.000000
28 15995364.000000
29 16022974.000000
30 16002833.000000
31 15945347.000000
32 15955126.000000
33 16124526.000000
34 16047977.000000
35 16145415.000000
36 15961044.000000
37 15950682.000000
38 16081439.000000
39 15981152.000000
40 15897530.000000
41 16052300.000000
42 15986201.000000
43 16024844.000000
44 16025416.000000
45 16499219.000000
46 16453558.000000
47 16090030.000000
48 16052432.000000
49 15986993.000000
50 16340104.000000
51 16030817.000000
52 16135218.000000
53 16141048.000000
54 16076236.000000
55 15957304.000000
56 16190933.000000
57 16401330.000000
58 16408007.000000
59 15967908.000000
60 16006331.000000
61 15951925.000000
62 16115671.000000
63 15973254.000000
64 16204903.000000
65 15999368.000000
66 16005066.000000
67 15887630.000000
68 15897178.000000
69 16760832.000000
70 16029695.000000
71 16086851.000000
72 16014130.000000
73 16262103.000000
74 16206311.000000
75 16143248.000000
76 16244349.000000
77 16078931.000000
78 15968788.000000
79 15921554.000000
80 16101932.000000
81 16201823.000000
82 15912468.000000
83 15990073.000000
84 16002833.000000
85 16018442.000000
86 15978864.000000
87 19848521.000000
88 19653139.000000
89 19663754.000000
90 16373775.000000
91 15976312.000000
92 19473069.000000
93 19961920.000000
94 19971050.000000
95 20309575.000000
96 16426366.000000
97 16027891.000000
98 15898751.000000
99 16092780.000000
100 15955313.000000
101 16013382.000000
102 15950770.000000
103 16022336.000000
104 15885881.000000
105 16068129.000000
106 16260904.000000
107 16050166.000000
108 15898861.000000
109 16060407.000000
110 15904746.000000
111 16223735.000000
112 16106772.000000
113 16030542.000000
114 16048439.000000
115 16470564.000000
116 15842354.000000
117 16677430.000000
118 16511396.000000
119 15947756.000000
120 16050562.000000
121 16038935.000000
122 16459608.000000
123 16061760.000000
124 16519899.000000
125 16030630.000000
126 16060176.000000
127 16011358.000000
128 16016803.000000
129 16456968.000000
130 16379462.000000
131 16040365.000000
132 16034337.000000
133 16383389.000000
134 16063861.000000
135 16075004.000000
136 16040728.000000
137 16083738.000000
138 16089502.000000
139 15942993.000000
140 16478165.000000
141 16777222.000000
142 16149056.000000
143 16059362.000000
144 16136945.000000
145 17967268.000000
146 16318940.000000
147 16078964.000000
148 16106475.000000
149 15859679.000000
150 15957667.000000
151 16354547.000000
152 16292320.000000
153 15904966.000000
154 16038506.000000
155 15975080.000000
156 16048461.000000
157 15977896.000000
158 16061166.000000
159 15994803.000000
160 16062783.000000
161 16067997.000000
162 15978611.000000
163 16439742.000000
164 16277998.000000
165 16010951.000000
166 16180318.000000
167 16018332.000000
168 16109016.000000
169 16117079.000000
170 16052938.000000
171 16227167.000000
172 16031191.000000
173 15966643.000000
174 17282958.000000
175 17660841.000000
176 15966214.000000
177 15932081.000000
178 15977984.000000
179 16012524.000000
180 16070175.000000
181 15989919.000000
182 15980877.000000
183 15990293.000000
184 15932587.000000
185 16219588.000000
186 16162157.000000
187 16097983.000000
188 16004054.000000
189 16013316.000000
190 16032049.000000
191 16020268.000000
192 15955698.000000
193 15927252.000000
194 16044941.000000
195 15957106.000000
196 15900423.000000
197 15875805.000000
198 16131181.000000
199 16144612.000000
200 16004428.000000
201 19882588.000000
202 18325164.000000
203 15902964.000000
204 15960142.000000
205 15975795.000000
206 15930893.000000
207 16149056.000000
208 16311801.000000
209 16084486.000000
210 15993219.000000
211 16083430.000000
212 16954498.000000
213 16178470.000000
214 16119983.000000
215 16149914.000000
216 16201471.000000
217 16144227.000000
218 17388591.000000
219 16864276.000000
220 16168031.000000
221 16006034.000000
222 15960681.000000
223 16044050.000000
224 16043214.000000
225 15946876.000000
226 16091328.000000
227 16010500.000000
228 16138474.000000
229 15910301.000000
230 16205057.000000
231 16134437.000000
232 16188502.000000
233 16094496.000000
234 16073409.000000
235 16529348.000000
236 16103307.000000
237 16000743.000000
238 16047603.000000
239 16052718.000000
240 15951826.000000
241 15885837.000000
242 16448685.000000
243 16338465.000000
244 15976565.000000
245 15985893.000000
246 15906187.000000
247 16162971.000000
248 16030014.000000
249 16147560.000000
250 16044963.000000
251 16126671.000000
252 15961605.000000
253 15955786.000000
254 16553680.000000
255 16394741.000000
256 16066402.000000
257 15910367.000000
258 16125835.000000
259 16029640.000000
260 16016099.000000
261 16053774.000000
262 16057470.000000
263 16006045.000000
264 15953586.000000
265 16447816.000000
266 16373566.000000
267 16067623.000000
268 15915185.000000
269 16036856.000000
270 16227266.000000
271 16063432.000000
272 16050265.000000
273 16062970.000000
274 16030795.000000
275 15938912.000000
276 16775407.000000
277 16337706.000000
278 16341578.000000
279 15991008.000000
280 16006485.000000
281 16048329.000000
282 16063949.000000
283 16061254.000000
284 16235252.000000
285 16110446.000000
286 16142016.000000
287 15974035.000000
288 16566286.000000
289 16408964.000000
290 16047878.000000
291 16043170.000000
292 16128255.000000
293 16035844.000000
294 15993890.000000
295 16073629.000000
296 15980151.000000
297 16013921.000000
298 15850153.000000
299 16003053.000000
300 17385324.000000
301 16363556.000000
302 16101822.000000
303 16051310.000000
304 15938890.000000
305 16148154.000000
306 16124394.000000
307 16079602.000000
308 16182386.000000
309 16157504.000000
310 15972132.000000
311 17232875.000000
312 16269319.000000
313 15879501.000000
314 15943785.000000
315 15884495.000000
316 15922599.000000
317 15871097.000000
318 15951276.000000
319 15939561.000000
320 15972935.000000
321 16084475.000000
322 19733527.000000
323 19796348.000000
324 19655196.000000
325 19331466.000000
326 18983151.000000
327 19943693.000000
328 20290600.000000
329 20011651.000000
330 19930273.000000
331 19933518.000000
332 19887351.000000
333 16113449.000000
334 15891227.000000
335 15918045.000000
336 15906506.000000
337 15945974.000000
338 15832685.000000
339 15919310.000000
340 15842926.000000
341 15922346.000000
342 15956677.000000
343 15951298.000000
344 16023370.000000
345 16804766.000000
346 16058482.000000
347 15953157.000000
348 16045106.000000
349 16159704.000000
350 16145932.000000
351 16170627.000000
352 16116353.000000
353 16145107.000000
354 16107454.000000
355 15910576.000000
356 17207366.000000
357 16240994.000000
358 15949648.000000
359 15969910.000000
360 15904163.000000
361 16075279.000000
362 16045601.000000
363 16010731.000000
364 16058526.000000
365 15982681.000000
366 15950396.000000
367 15864673.000000
368 17031641.000000
369 16072232.000000
370 15924480.000000
371 15953410.000000
372 15875530.000000
373 16077732.000000
374 16003196.000000
375 16069504.000000
376 16366328.000000
377 16390968.000000
378 15941805.000000
379 16544759.000000
380 16750723.000000
381 20304526.000000
382 19071525.000000
383 16289625.000000
384 16163015.000000
385 16209996.000000
386 16086983.000000
387 15945820.000000
388 17481123.000000
389 16557024.000000
390 16229851.000000
391 16121270.000000
392 16063894.000000
393 16211030.000000
394 16220028.000000
395 16060143.000000
396 16142038.000000
397 15971802.000000
398 16250388.000000
399 16207466.000000
400 16110633.000000
401 16028562.000000
402 16048967.000000
403 15932323.000000
404 16038242.000000
405 15984661.000000
406 15933181.000000
407 15974629.000000
408 15973210.000000
409 15961935.000000
410 16170143.000000
411 16115484.000000
412 16079833.000000
413 16013360.000000
414 15955016.000000
415 15937713.000000
416 15931179.000000
417 15992922.000000
418 15958690.000000
419 15985915.000000
420 16020609.000000
421 15917484.000000
422 16207092.000000
423 16171529.000000
424 16116265.000000
425 15960065.000000
426 16033853.000000
427 16076995.000000
428 16012249.000000
429 15952882.000000
430 16097576.000000
431 16079228.000000
432 16143831.000000
433 16093495.000000
434 16209501.000000
435 20568867.000000
436 19791057.000000
437 16601783.000000
438 16304860.000000
439 16163224.000000
440 16249937.000000
441 15960890.000000
442 16681324.000000
443 16805591.000000
444 15971142.000000
445 16121644.000000
446 16063113.000000
447 15949681.000000
448 16186335.000000
449 15940958.000000
450 15972011.000000
451 15935260.000000
452 16118245.000000
453 15926152.000000
454 16237474.000000
455 16065456.000000
456 16079063.000000
457 16011248.000000
458 15974079.000000
459 16175016.000000
460 16107795.000000
461 16098918.000000
462 16216288.000000
463 16030784.000000
464 15989006.000000
465 15936283.000000
466 16264160.000000
467 16149716.000000
468 15965862.000000
469 16000028.000000
470 15974189.000000
471 16159451.000000
472 16059989.000000
473 16011347.000000
474 16092032.000000
475 16017254.000000
476 15999566.000000
477 17239365.000000
478 16940132.000000
479 16194596.000000
480 16065401.000000
481 15948141.000000
482 16008938.000000
483 16208489.000000
484 16075180.000000
485 16149221.000000
486 16029948.000000
487 16096861.000000
488 15846006.000000
489 17222326.000000
490 16592763.000000
491 16056150.000000
492 15934006.000000
493 15953696.000000
494 16208753.000000
495 16164819.000000
496 16160936.000000
497 16077325.000000
498 16132732.000000
499 15880766.000000
500 17310612.000000
501 17436958.000000
502 17358352.000000
503 17143918.000000
504 16240818.000000
505 16045304.000000
506 15942289.000000
507 15951727.000000
508 16101811.000000
509 16086730.000000
510 16105342.000000
511 16004219.000000
512 16091372.000000
513 15852914.000000
514 17259110.000000
515 16450357.000000
516 16079162.000000
517 15932774.000000
518 15944863.000000
519 16218884.000000
520 16113119.000000
521 16132985.000000
522 16690025.000000
523 16057514.000000
524 15909047.000000
525 16580278.000000
526 19774480.000000
527 19790881.000000
528 16131907.000000
529 15960208.000000
530 18621735.000000
531 20004798.000000
532 20191226.000000
533 19987968.000000
534 19918426.000000
535 17217222.000000
536 15979711.000000
537 15888081.000000
538 15908112.000000
539 16079316.000000
540 16116111.000000
541 15999654.000000
542 15994814.000000
543 15960593.000000
544 15990238.000000
545 15949065.000000
546 15988984.000000
547 15949252.000000
548 16006155.000000
549 15948548.000000
550 15919926.000000
551 21476114.000000
552 15980789.000000
553 15961066.000000
554 15995837.000000
555 16063982.000000
556 16060165.000000
557 16909849.000000
558 16067788.000000
559 16063003.000000
560 15939429.000000
561 16199018.000000
562 16137704.000000
563 15960428.000000
564 15955203.000000
565 16017243.000000
566 16024514.000000
567 15959097.000000
568 15980613.000000
569 15951122.000000
570 16028628.000000
571 15916560.000000
572 15910422.000000
573 16145778.000000
574 16070307.000000
575 15944225.000000
576 15910675.000000
577 15951353.000000
578 17336484.000000
579 16157570.000000
580 16583545.000000
581 16098621.000000
582 17957698.000000
583 18382958.000000
584 16613575.000000
585 20061085.000000
586 16167052.000000
587 15999544.000000
588 16131500.000000
589 16057668.000000
590 16174037.000000
591 15980437.000000
592 16509460.000000
593 16462479.000000
594 16122623.000000
595 16199722.000000
596 16057250.000000
597 16279582.000000
598 16048890.000000
599 16039089.000000
600 16046602.000000
601 16016066.000000
602 16074696.000000
603 15897497.000000
604 16298150.000000
605 16535288.000000
606 16189052.000000
607 16063817.000000
608 15971659.000000
609 16305872.000000
610 16139618.000000
611 16109676.000000
612 16121281.000000
613 16123184.000000
614 15971494.000000
615 16522297.000000
616 16439731.000000
617 15921741.000000
618 16015472.000000
619 15954180.000000
620 16066886.000000
621 15962155.000000
622 16049011.000000
623 15989171.000000
624 16062552.000000
625 16106805.000000
626 15940760.000000
627 16519239.000000
628 16384280.000000
629 16057657.000000
630 16079536.000000
631 16064279.000000
632 16047207.000000
633 16174202.000000
634 16051640.000000
635 16082550.000000
636 15979469.000000
637 19876901.000000
638 16461159.000000
639 16243942.000000
640 16024096.000000
641 15953377.000000
642 16215936.000000
643 16017276.000000
644 16087137.000000
645 16026098.000000
646 16068745.000000
647 15975828.000000
648 15918573.000000
649 16313814.000000
650 16099842.000000
651 16099347.000000
652 16006540.000000
653 16020488.000000
654 15985365.000000
655 16023832.000000
656 15894648.000000
657 16072540.000000
658 16312428.000000
659 15929034.000000
660 16461896.000000
661 16404322.000000
662 16301021.000000
663 16009829.000000
664 16045667.000000
665 16295268.000000
666 16111128.000000
667 16018640.000000
668 16079063.000000
669 16032808.000000
670 15955467.000000
671 15960835.000000
672 16538896.000000
673 16254920.000000
674 16052729.000000
675 16025174.000000
676 16141906.000000
677 16343206.000000
678 16071781.000000
679 16120698.000000
680 16055116.000000
681 16129520.000000
682 15884682.000000
683 17303825.000000
684 16539017.000000
685 16029838.000000
686 15912039.000000
687 15987565.000000
688 15956567.000000
689 15955280.000000
690 15902799.000000
691 15943961.000000
692 15911720.000000
693 15921928.000000
694 15856071.000000
695 16106244.000000
696 16110765.000000
697 16004142.000000
698 15908739.000000
699 15863067.000000
700 15887740.000000
701 15947107.000000
702 15872934.000000
703 15955907.000000
704 15868699.000000
705 16038979.000000
706 15834280.000000
707 16444164.000000
708 16284840.000000
709 16200107.000000
710 16010918.000000
711 16058856.000000
712 15943972.000000
713 16019762.000000
714 15952563.000000
715 15965884.000000
716 15981856.000000
717 15966918.000000
718 15937372.000000
719 16098973.000000
720 16195938.000000
721 16074245.000000
722 15987180.000000
723 15963024.000000
724 15974288.000000
725 16025515.000000
726 16004120.000000
727 15966390.000000
728 16064268.000000
729 15990623.000000
730 16989786.000000
731 17477724.000000
732 16449653.000000
733 16077776.000000
734 16435408.000000
735 16415718.000000
736 18437430.000000
737 17089644.000000
738 16235538.000000
739 16109687.000000
740 18882754.000000
741 16873626.000000
742 16233756.000000
743 16026659.000000
744 15968689.000000
745 16160353.000000
746 16024162.000000
747 16045524.000000
748 16004252.000000
749 16045337.000000
750 15886244.000000
751 16164984.000000
752 16101338.000000
753 16101272.000000
754 15968502.000000
755 16080372.000000
756 16005748.000000
757 15985970.000000
758 15996277.000000
759 15993472.000000
760 15989193.000000
761 15993956.000000
762 15943158.000000
763 16133678.000000
764 16270815.000000
765 16157141.000000
766 16069174.000000
767 16009092.000000
768 16085498.000000
769 15983781.000000
770 16003218.000000
771 15890919.000000
772 16024954.000000
773 15938109.000000
774 15941662.000000
775 16160749.000000
776 16653857.000000
777 16027407.000000
778 15978952.000000
779 16635652.000000
780 16037043.000000
781 16091746.000000
782 16053290.000000
783 16075950.000000
784 15963596.000000
785 16017089.000000
786 17129959.000000
787 19021673.000000
788 16042543.000000
789 16097763.000000
790 18737510.000000
791 16134019.000000
792 17096772.000000
793 16045458.000000
794 15858359.000000
795 16493884.000000
796 16341402.000000
797 16162597.000000
798 16108488.000000
799 16024349.000000
800 15959196.000000
801 15967787.000000
802 16024767.000000
803 15982780.000000
804 16004351.000000
805 16005693.000000
806 15996772.000000
807 16143897.000000
808 16320150.000000
809 17802466.000000
810 16021423.000000
811 15991228.000000
812 16040123.000000
813 16063476.000000
814 16033512.000000
815 16125076.000000
816 16070296.000000
817 15975190.000000
818 16473006.000000
819 16497052.000000
820 16069229.000000
821 16049957.000000
822 16060022.000000
823 16134426.000000
824 15918760.000000
825 15979590.000000
826 15947976.000000
827 15972165.000000
828 15975872.000000
829 15922896.000000
830 16184630.000000
831 16197489.000000
832 15998851.000000
833 15987015.000000
834 15996717.000000
835 16100073.000000
836 16004208.000000
837 16045337.000000
838 16040090.000000
839 16029651.000000
840 16083947.000000
841 15932686.000000
842 16547212.000000
843 16339004.000000
844 16045084.000000
845 16192451.000000
846 16470520.000000
847 17924434.000000
848 16229400.000000
849 16177161.000000
850 16126418.000000
851 16065269.000000
852 15940573.000000
853 17242467.000000
854 16295180.000000
855 16239608.000000
856 16040354.000000
857 15935304.000000
858 16021247.000000
859 16078480.000000
860 16020235.000000
861 16087588.000000
862 16106541.000000
863 15924865.000000
864 17249859.000000
865 16519481.000000
866 16022039.000000
867 16104495.000000
868 16078755.000000
869 16170935.000000
870 16142489.000000
871 16012502.000000
872 16056865.000000
873 15920311.000000
874 15958184.000000
875 17283508.000000
876 16805987.000000
877 16154061.000000
878 16059285.000000
879 15952618.000000
880 16188755.000000
881 16222888.000000
882 16130004.000000
883 16119356.000000
884 16069174.000000
885 16140608.000000
886 15892888.000000
887 17279636.000000
888 16216904.000000
889 15998862.000000
890 16324506.000000
891 16050485.000000
892 16097092.000000
893 16051398.000000
894 16086378.000000
895 16054797.000000
896 16058845.000000
897 15909058.000000
898 16528545.000000
899 16350785.000000
900 16038671.000000
901 16092725.000000
902 15962496.000000
903 16124185.000000
904 16027649.000000
905 15971879.000000
906 16010962.000000
907 15988731.000000
908 15986069.000000
909 15874122.000000
910 16514619.000000
911 16511792.000000
912 16021665.000000
913 16056128.000000
914 15898333.000000
915 16276986.000000
916 16028078.000000
917 16068987.000000
918 15964036.000000
919 16036988.000000
920 15851605.000000
921 16491134.000000
922 16365338.000000
923 16044622.000000
924 16547124.000000
925 15968205.000000
926 16390990.000000
927 16190185.000000
928 16113669.000000
929 16102548.000000
930 16150706.000000
931 15912996.000000
932 16244767.000000
933 16281529.000000
934 16461599.000000
935 16525652.000000
936 15969272.000000
937 16210425.000000
938 16047779.000000
939 16448630.000000
940 17210325.000000
941 16370959.000000
942 19903950.000000
943 16541470.000000
944 16401924.000000
945 15987015.000000
946 15992603.000000
947 15964740.000000
948 16004131.000000
949 15901622.000000
950 15979568.000000
951 15929342.000000
952 15998103.000000
953 15874111.000000
954 16072683.000000
955 16175973.000000
956 16065335.000000
957 15992394.000000
958 15909388.000000
959 15986696.000000
960 15964201.000000
961 15942476.000000
962 16087225.000000
963 15976290.000000
964 16011787.000000
965 16070010.000000
966 16167140.000000
967 16127001.000000
968 16050375.000000
969 15955379.000000
970 16079811.000000
971 16084123.000000
972 16008630.000000
973 15971648.000000
974 15988423.000000
975 15966676.000000
976 16043764.000000
977 15928792.000000
978 16256680.000000
979 16203891.000000
980 16104132.000000
981 16047768.000000
982 16053026.000000
983 16039606.000000
984 15909212.000000
985 15967699.000000
986 15906198.000000
987 15994341.000000
988 15948999.000000
989 15948592.000000
990 16146988.000000
991 16383026.000000
992 19929360.000000
993 17904986.000000
994 16748743.000000
995 16130114.000000
996 19550465.000000
997 20130154.000000
998 15984716.000000
999 15978292.000000

* Info: Process finished (host madjid-Inspiron-3543, process 16257)
* Info: Callchains info will be incomplete
* Info: Try to recompile your application with -fno-omit-frame-pointer or to rerun with btm=stack
* Info: Dumping samples (host madjid-Inspiron-3543, process 16257)
* Info: Dumping source info for callchain nodes (host madjid-Inspiron-3543, process 16257)
* Info: Building/writing metadata (host madjid-Inspiron-3543)
* Info: Finished collect step (host madjid-Inspiron-3543, process 16257)

Your experiment path is /home/madjid/Bureau/CHPS/Archi_Paralelle/TP2-1/todo/maqao_2021-12-03_15-36-11/tools/lprof_npsu_run_0

To display your profiling results:
#################################################################################################
#    LEVEL    |     REPORT     |                            COMMAND                             #
#################################################################################################
#  Functions  |  Cluster-wide  |  maqao lprof -df xp=/home/madjid/Bureau/CHPS/Archi_Paralelle/  #
#  Functions  |  Per-node      |  maqao lprof -df -dn xp=/home/madjid/Bureau/CHPS/Archi_Parale  #
#  Functions  |  Per-process   |  maqao lprof -df -dp xp=/home/madjid/Bureau/CHPS/Archi_Parale  #
#  Functions  |  Per-thread    |  maqao lprof -df -dt xp=/home/madjid/Bureau/CHPS/Archi_Parale  #
#  Loops      |  Cluster-wide  |  maqao lprof -dl xp=/home/madjid/Bureau/CHPS/Archi_Paralelle/  #
#  Loops      |  Per-node      |  maqao lprof -dl -dn xp=/home/madjid/Bureau/CHPS/Archi_Parale  #
#  Loops      |  Per-process   |  maqao lprof -dl -dp xp=/home/madjid/Bureau/CHPS/Archi_Parale  #
#  Loops      |  Per-thread    |  maqao lprof -dl -dt xp=/home/madjid/Bureau/CHPS/Archi_Parale  #
#################################################################################################

